#
# There is insufficient memory for the Java Runtime Environment to continue.
# Native memory allocation (malloc) failed to allocate 847616 bytes for Chunk::new
# Possible reasons:
#   The system is out of physical RAM or swap space
#   The process is running with CompressedOops enabled, and the Java Heap may be blocking the growth of the native heap
# Possible solutions:
#   Reduce memory load on the system
#   Increase physical memory or swap space
#   Check if swap backing store is full
#   Decrease Java heap size (-Xmx/-Xms)
#   Decrease number of Java threads
#   Decrease Java thread stack sizes (-Xss)
#   Set larger code cache with -XX:ReservedCodeCacheSize=
#   JVM is running with Unscaled Compressed Oops mode in which the Java heap is
#     placed in the first 4GB address space. The Java Heap base address is the
#     maximum limit for the native heap growth. Please use -XX:HeapBaseMinAddress
#     to set the Java Heap base and to place the Java Heap above 4GB virtual address.
# This output file may be truncated or incomplete.
#
#  Out of Memory Error (./src/hotspot/share/memory/arena.cpp:197), pid=15044, tid=18892
#
# JRE version: OpenJDK Runtime Environment Temurin-11.0.17+8 (11.0.17+8) (build 11.0.17+8)
# Java VM: OpenJDK 64-Bit Server VM Temurin-11.0.17+8 (11.0.17+8, mixed mode, tiered, compressed oops, g1 gc, windows-amd64)
# No core dump will be written. Minidumps are not enabled by default on client versions of Windows
#

---------------  S U M M A R Y ------------

Command Line: -Dosgi.requiredJavaVersion=1.8 -Dosgi.instance.area.default=@user.home/STM32CubeIDE/workspace_1.12.0 -Declipse.buildId=Version 1.12.0 -DproductMaturityGrade=mm -XX:+UseG1GC -XX:+UseStringDeduplication -Xms256m -Xmx1024m -Djavax.net.ssl.trustStoreType=WINDOWS-ROOT 

Host: 11th Gen Intel(R) Core(TM) i7-1165G7 @ 2.80GHz, 8 cores, 7G,  Windows 10 , 64 bit Build 19041 (10.0.19041.1889)
Time: Wed Jan  3 20:03:01 2024 SE Asia Standard Time elapsed time: 24.510765 seconds (0d 0h 0m 24s)

---------------  T H R E A D  ---------------

Current thread (0x0000020e93ed8800):  JavaThread "C2 CompilerThread0" daemon [_thread_in_native, id=18892, stack(0x00000072e4e00000,0x00000072e4f00000)]


Current CompileTask:
C2:  24510 10689   !   4       sun.security.x509.AVA::toRFC2253CanonicalString (487 bytes)

Stack: [0x00000072e4e00000,0x00000072e4f00000]
Native frames: (J=compiled Java code, j=interpreted, Vv=VM code, C=native code)
V  [jvm.dll+0x61f5ba]
V  [jvm.dll+0x7abf79]
V  [jvm.dll+0x7ad668]
V  [jvm.dll+0x7add43]
V  [jvm.dll+0x24fd88]
V  [jvm.dll+0xc262c]
V  [jvm.dll+0xc2bec]
V  [jvm.dll+0x2c1c04]
V  [jvm.dll+0x52e31c]
V  [jvm.dll+0x2112db]
V  [jvm.dll+0x20af14]
V  [jvm.dll+0x20803b]
V  [jvm.dll+0x18a3b1]
V  [jvm.dll+0x217a34]
V  [jvm.dll+0x215c7b]
V  [jvm.dll+0x76ea70]
V  [jvm.dll+0x7679a4]
V  [jvm.dll+0x61e425]
C  [ucrtbase.dll+0x21bb2]
C  [KERNEL32.DLL+0x17034]
C  [ntdll.dll+0x52651]


---------------  P R O C E S S  ---------------

Threads class SMR info:
_java_thread_list=0x0000020e98145790, length=69, elements={
0x0000020ef582a000, 0x0000020e93e6a800, 0x0000020e93ebe800, 0x0000020e93ed3000,
0x0000020e93ed4000, 0x0000020e93ed7000, 0x0000020e93ed8800, 0x0000020e93ee2800,
0x0000020e93ee8000, 0x0000020e94099000, 0x0000020e944b8800, 0x0000020e94a33800,
0x0000020e95dc0800, 0x0000020e95b7c000, 0x0000020e95e44800, 0x0000020e95e94000,
0x0000020e962bb000, 0x0000020e95df2000, 0x0000020e95def800, 0x0000020e95df0800,
0x0000020e95dee000, 0x0000020e95def000, 0x0000020e95df3800, 0x0000020e9e72a800,
0x0000020e9e72b800, 0x0000020e9e72d000, 0x0000020e9e72c000, 0x0000020e9e729800,
0x0000020e9e727000, 0x0000020e9e72e000, 0x0000020e9e728000, 0x0000020e9e72e800,
0x0000020e9e729000, 0x0000020e9e735000, 0x0000020e9e734800, 0x0000020e9e730000,
0x0000020e9e72f800, 0x0000020e9e736000, 0x0000020e9e731000, 0x0000020e9e732000,
0x0000020e9e732800, 0x0000020e9e733800, 0x0000020e9a295000, 0x0000020e9a2a0800,
0x0000020e9a29b800, 0x0000020e9a295800, 0x0000020e9a293800, 0x0000020e9a296800,
0x0000020e9a298000, 0x0000020e9a299000, 0x0000020e9a29a000, 0x0000020e9a294000,
0x0000020e9a29c800, 0x0000020e9a29d000, 0x0000020e9a297800, 0x0000020e9a29e800,
0x0000020e9a29f800, 0x0000020e9a29e000, 0x0000020e9a2a1000, 0x0000020e9a2a2000,
0x0000020e9d168000, 0x0000020e9d166800, 0x0000020e9d162800, 0x0000020e9d165800,
0x0000020e9d164800, 0x0000020e9d163000, 0x0000020e9d169000, 0x0000020e9d169800,
0x0000020e93f0c800
}

Java Threads: ( => current thread )
  0x0000020ef582a000 JavaThread "main" [_thread_in_native, id=21324, stack(0x00000072e3e00000,0x00000072e3f00000)]
  0x0000020e93e6a800 JavaThread "Reference Handler" daemon [_thread_blocked, id=7476, stack(0x00000072e4900000,0x00000072e4a00000)]
  0x0000020e93ebe800 JavaThread "Finalizer" daemon [_thread_blocked, id=5024, stack(0x00000072e4a00000,0x00000072e4b00000)]
  0x0000020e93ed3000 JavaThread "Signal Dispatcher" daemon [_thread_blocked, id=5652, stack(0x00000072e4b00000,0x00000072e4c00000)]
  0x0000020e93ed4000 JavaThread "Attach Listener" daemon [_thread_blocked, id=15776, stack(0x00000072e4c00000,0x00000072e4d00000)]
  0x0000020e93ed7000 JavaThread "Service Thread" daemon [_thread_blocked, id=9072, stack(0x00000072e4d00000,0x00000072e4e00000)]
=>0x0000020e93ed8800 JavaThread "C2 CompilerThread0" daemon [_thread_in_native, id=18892, stack(0x00000072e4e00000,0x00000072e4f00000)]
  0x0000020e93ee2800 JavaThread "C1 CompilerThread0" daemon [_thread_blocked, id=18500, stack(0x00000072e4f00000,0x00000072e5000000)]
  0x0000020e93ee8000 JavaThread "Sweeper thread" daemon [_thread_blocked, id=14476, stack(0x00000072e5000000,0x00000072e5100000)]
  0x0000020e94099000 JavaThread "Common-Cleaner" daemon [_thread_blocked, id=21444, stack(0x00000072e5200000,0x00000072e5300000)]
  0x0000020e944b8800 JavaThread "Active Thread: Equinox Container: bb0a13db-7fc3-4b6a-a63b-73778a9ebf26" [_thread_blocked, id=21020, stack(0x00000072e5e00000,0x00000072e5f00000)]
  0x0000020e94a33800 JavaThread "Framework Event Dispatcher: Equinox Container: bb0a13db-7fc3-4b6a-a63b-73778a9ebf26" daemon [_thread_blocked, id=19600, stack(0x00000072e5f00000,0x00000072e6000000)]
  0x0000020e95dc0800 JavaThread "Start Level: Equinox Container: bb0a13db-7fc3-4b6a-a63b-73778a9ebf26" daemon [_thread_blocked, id=1184, stack(0x00000072e6000000,0x00000072e6100000)]
  0x0000020e95b7c000 JavaThread "SCR Component Actor" daemon [_thread_blocked, id=7592, stack(0x00000072e6100000,0x00000072e6200000)]
  0x0000020e95e44800 JavaThread "EMF Reference Cleaner" daemon [_thread_blocked, id=17664, stack(0x00000072e5400000,0x00000072e5500000)]
  0x0000020e95e94000 JavaThread "Bundle File Closer" daemon [_thread_blocked, id=2112, stack(0x00000072e5300000,0x00000072e5400000)]
  0x0000020e962bb000 JavaThread "Worker-JM" [_thread_blocked, id=32, stack(0x00000072e6600000,0x00000072e6700000)]
  0x0000020e95df2000 JavaThread "Gogo shell" [_thread_blocked, id=18160, stack(0x00000072e6700000,0x00000072e6800000)]
  0x0000020e95def800 JavaThread "Worker-0: Discover compiler built-in language settings" [_thread_blocked, id=12960, stack(0x00000072e6400000,0x00000072e6500000)]
  0x0000020e95df0800 JavaThread "Log4j2-TF-1-Scheduled-1" daemon [_thread_blocked, id=1680, stack(0x00000072e6f00000,0x00000072e7000000)]
  0x0000020e95dee000 JavaThread "ForkJoinPool.commonPool-worker-3" daemon [_thread_blocked, id=17636, stack(0x00000072e7100000,0x00000072e7200000)]
  0x0000020e95def000 JavaThread "org.eclipse.cdt.internal.ui.text.CReconciler" daemon [_thread_blocked, id=10964, stack(0x00000072e7200000,0x00000072e7300000)]
  0x0000020e95df3800 JavaThread "EventAdmin Async Event Dispatcher Thread" daemon [_thread_blocked, id=2744, stack(0x00000072e6500000,0x00000072e6600000)]
  0x0000020e9e72a800 JavaThread "pool-3-thread-1" [_thread_blocked, id=18240, stack(0x00000072e7000000,0x00000072e7100000)]
  0x0000020e9e72b800 JavaThread "Worker-1: Discover compiler built-in language settings" [_thread_blocked, id=17740, stack(0x00000072e7300000,0x00000072e7400000)]
  0x0000020e9e72d000 JavaThread "pool-4-thread-1" [_thread_blocked, id=11048, stack(0x00000072e7400000,0x00000072e7500000)]
  0x0000020e9e72c000 JavaThread "Worker-2: Discover compiler built-in language settings" [_thread_blocked, id=14788, stack(0x00000072e7500000,0x00000072e7600000)]
  0x0000020e9e729800 JavaThread "Worker-3: Discover compiler built-in language settings" [_thread_blocked, id=8072, stack(0x00000072e7600000,0x00000072e7700000)]
  0x0000020e9e727000 JavaThread "Timer-3" [_thread_blocked, id=8312, stack(0x00000072e7700000,0x00000072e7800000)]
  0x0000020e9e72e000 JavaThread "Worker-4" [_thread_blocked, id=6268, stack(0x00000072e7800000,0x00000072e7900000)]
  0x0000020e9e728000 JavaThread "Worker-5: Discover compiler built-in language settings" [_thread_blocked, id=16492, stack(0x00000072e7900000,0x00000072e7a00000)]
  0x0000020e9e72e800 JavaThread "Worker-6: Discover compiler built-in language settings" [_thread_blocked, id=14956, stack(0x00000072e7a00000,0x00000072e7b00000)]
  0x0000020e9e729000 JavaThread "Worker-7" [_thread_blocked, id=15752, stack(0x00000072e7b00000,0x00000072e7c00000)]
  0x0000020e9e735000 JavaThread "Worker-8: Setting up indexer" [_thread_blocked, id=11384, stack(0x00000072e7c00000,0x00000072e7d00000)]
  0x0000020e9e734800 JavaThread "Worker-9" [_thread_blocked, id=8376, stack(0x00000072e7d00000,0x00000072e7e00000)]
  0x0000020e9e730000 JavaThread "Worker-10" [_thread_blocked, id=17472, stack(0x00000072e7e00000,0x00000072e7f00000)]
  0x0000020e9e72f800 JavaThread "Worker-11: Executing the early startup extensions" [_thread_in_native, id=2456, stack(0x00000072e7f00000,0x00000072e8000000)]
  0x0000020e9e736000 JavaThread "Worker-12" [_thread_blocked, id=9516, stack(0x00000072e8000000,0x00000072e8100000)]
  0x0000020e9e731000 JavaThread "Worker-13: Initializing Quick Diff" [_thread_blocked, id=4128, stack(0x00000072e8100000,0x00000072e8200000)]
  0x0000020e9e732000 JavaThread "Worker-14: Discover compiler built-in language settings" [_thread_blocked, id=10328, stack(0x00000072e8200000,0x00000072e8300000)]
  0x0000020e9e732800 JavaThread "Worker-15: Discover compiler built-in language settings" [_thread_blocked, id=21088, stack(0x00000072e8300000,0x00000072e8400000)]
  0x0000020e9e733800 JavaThread "Worker-16" [_thread_blocked, id=14160, stack(0x00000072e8400000,0x00000072e8500000)]
  0x0000020e9a295000 JavaThread "Java2D Disposer" daemon [_thread_blocked, id=13160, stack(0x00000072e8e00000,0x00000072e8f00000)]
  0x0000020e9a2a0800 JavaThread "AWT-Windows" daemon [_thread_in_native, id=3984, stack(0x00000072e9000000,0x00000072e9100000)]
  0x0000020e9a29b800 JavaThread "Spawner Reaper" daemon [_thread_in_native, id=2228, stack(0x00000072e8500000,0x00000072e8600000)]
  0x0000020e9a295800 JavaThread "Spawner Reaper" daemon [_thread_in_native, id=8600, stack(0x00000072e8600000,0x00000072e8700000)]
  0x0000020e9a293800 JavaThread "Spawner Reaper" daemon [_thread_in_native, id=10752, stack(0x00000072e8800000,0x00000072e8900000)]
  0x0000020e9a296800 JavaThread "Spawner Reaper" daemon [_thread_in_native, id=6592, stack(0x00000072e8900000,0x00000072e8a00000)]
  0x0000020e9a298000 JavaThread "Spawner Reaper" daemon [_thread_in_native, id=16388, stack(0x00000072e8a00000,0x00000072e8b00000)]
  0x0000020e9a299000 JavaThread "Spawner Reaper" daemon [_thread_in_native, id=12676, stack(0x00000072e8b00000,0x00000072e8c00000)]
  0x0000020e9a29a000 JavaThread "Spawner Reaper" daemon [_thread_in_native, id=7504, stack(0x00000072e8c00000,0x00000072e8d00000)]
  0x0000020e9a294000 JavaThread "Spawner Reaper" daemon [_thread_in_native, id=18112, stack(0x00000072e8700000,0x00000072e8800000)]
  0x0000020e9a29c800 JavaThread "OutputReader" daemon [_thread_in_native, id=20688, stack(0x00000072e9200000,0x00000072e9300000)]
  0x0000020e9a29d000 JavaThread "ErrorReader" daemon [_thread_in_native, id=20604, stack(0x00000072e9300000,0x00000072e9400000)]
  0x0000020e9a297800 JavaThread "OutputReader" daemon [_thread_in_native, id=20988, stack(0x00000072e9700000,0x00000072e9800000)]
  0x0000020e9a29e800 JavaThread "ErrorReader" daemon [_thread_in_native, id=5636, stack(0x00000072e9900000,0x00000072e9a00000)]
  0x0000020e9a29f800 JavaThread "OutputReader" daemon [_thread_in_native, id=16216, stack(0x00000072e9a00000,0x00000072e9b00000)]
  0x0000020e9a29e000 JavaThread "OutputReader" daemon [_thread_in_native, id=13812, stack(0x00000072e9b00000,0x00000072e9c00000)]
  0x0000020e9a2a1000 JavaThread "OutputReader" daemon [_thread_in_native, id=4024, stack(0x00000072e9c00000,0x00000072e9d00000)]
  0x0000020e9a2a2000 JavaThread "ErrorReader" daemon [_thread_in_native, id=8124, stack(0x00000072e9d00000,0x00000072e9e00000)]
  0x0000020e9d168000 JavaThread "OutputReader" daemon [_thread_in_native, id=1880, stack(0x00000072e9e00000,0x00000072e9f00000)]
  0x0000020e9d166800 JavaThread "ErrorReader" daemon [_thread_in_native, id=8740, stack(0x00000072e9f00000,0x00000072ea000000)]
  0x0000020e9d162800 JavaThread "ErrorReader" daemon [_thread_in_native, id=2800, stack(0x00000072ea000000,0x00000072ea100000)]
  0x0000020e9d165800 JavaThread "ErrorReader" daemon [_thread_in_native, id=11756, stack(0x00000072ea100000,0x00000072ea200000)]
  0x0000020e9d164800 JavaThread "OutputReader" daemon [_thread_in_native, id=19852, stack(0x00000072ea200000,0x00000072ea300000)]
  0x0000020e9d163000 JavaThread "ErrorReader" daemon [_thread_in_native, id=17560, stack(0x00000072ea300000,0x00000072ea400000)]
  0x0000020e9d169000 JavaThread "OutputReader" daemon [_thread_in_native, id=14520, stack(0x00000072ea500000,0x00000072ea600000)]
  0x0000020e9d169800 JavaThread "ErrorReader" daemon [_thread_in_native, id=13528, stack(0x00000072ea600000,0x00000072ea700000)]
  0x0000020e93f0c800 JavaThread "C2 CompilerThread1" daemon [_thread_in_native, id=7860, stack(0x00000072ea800000,0x00000072ea900000)]

Other Threads:
  0x0000020e93e67800 VMThread "VM Thread" [stack: 0x00000072e4800000,0x00000072e4900000] [id=21152]
  0x0000020e94092800 WatcherThread [stack: 0x00000072e5100000,0x00000072e5200000] [id=19144]
  0x0000020ef5841000 GCTaskThread "GC Thread#0" [stack: 0x00000072e4200000,0x00000072e4300000] [id=17804]
  0x0000020e95b03000 GCTaskThread "GC Thread#1" [stack: 0x00000072e5500000,0x00000072e5600000] [id=3656]
  0x0000020e95a74800 GCTaskThread "GC Thread#2" [stack: 0x00000072e5600000,0x00000072e5700000] [id=16012]
  0x0000020e9467b800 GCTaskThread "GC Thread#3" [stack: 0x00000072e5700000,0x00000072e5800000] [id=11612]
  0x0000020e9467c800 GCTaskThread "GC Thread#4" [stack: 0x00000072e5800000,0x00000072e5900000] [id=9088]
  0x0000020e95a6c000 GCTaskThread "GC Thread#5" [stack: 0x00000072e5900000,0x00000072e5a00000] [id=4580]
  0x0000020e97607000 GCTaskThread "GC Thread#6" [stack: 0x00000072e6d00000,0x00000072e6e00000] [id=17588]
  0x0000020e959e0800 GCTaskThread "GC Thread#7" [stack: 0x00000072e6e00000,0x00000072e6f00000] [id=15532]
  0x0000020ef585e000 ConcurrentGCThread "G1 Main Marker" [stack: 0x00000072e4300000,0x00000072e4400000] [id=20536]
  0x0000020ef5860800 ConcurrentGCThread "G1 Conc#0" [stack: 0x00000072e4400000,0x00000072e4500000] [id=17836]
  0x0000020e95aa2800 ConcurrentGCThread "G1 Conc#1" [stack: 0x00000072e6300000,0x00000072e6400000] [id=16952]
  0x0000020e934ac800 ConcurrentGCThread "G1 Refine#0" [stack: 0x00000072e4500000,0x00000072e4600000] [id=16260]
  0x0000020e9460f000 ConcurrentGCThread "G1 Refine#1" [stack: 0x00000072e5a00000,0x00000072e5b00000] [id=12400]
  0x0000020e94866000 ConcurrentGCThread "G1 Refine#2" [stack: 0x00000072e5b00000,0x00000072e5c00000] [id=10904]
  0x0000020e94a35000 ConcurrentGCThread "G1 Refine#3" [stack: 0x00000072e5c00000,0x00000072e5d00000] [id=20920]
  0x0000020e94178000 ConcurrentGCThread "G1 Refine#4" [stack: 0x00000072e5d00000,0x00000072e5e00000] [id=16544]
  0x0000020e934ad800 ConcurrentGCThread "G1 Young RemSet Sampling" [stack: 0x00000072e4600000,0x00000072e4700000] [id=7660]
  0x0000020e934b8000 ConcurrentGCThread "StrDedup" [stack: 0x00000072e4700000,0x00000072e4800000] [id=18652]

Threads with active compile tasks:
C2 CompilerThread0    24545 10689   !   4       sun.security.x509.AVA::toRFC2253CanonicalString (487 bytes)
C2 CompilerThread1    24545 10725       4       sun.security.util.DerInputStream::readVector (232 bytes)

VM state:not at safepoint (normal execution)

VM Mutex/Monitor currently owned by a thread: None

Heap address: 0x00000000c0000000, size: 1024 MB, Compressed Oops mode: 32-bit
Narrow klass base: 0x0000000000000000, Narrow klass shift: 3
Compressed class space size: 1073741824 Address: 0x0000000100000000

Heap:
 garbage-first heap   total 262144K, used 82751K [0x00000000c0000000, 0x0000000100000000)
  region size 1024K, 16 young (16384K), 11 survivors (11264K)
 Metaspace       used 99036K, capacity 106460K, committed 106532K, reserved 1142784K
  class space    used 11504K, capacity 13897K, committed 13952K, reserved 1048576K
Heap Regions: E=young(eden), S=young(survivor), O=old, HS=humongous(starts), HC=humongous(continues), CS=collection set, F=free, A=archive, TAMS=top-at-mark-start (previous, next)
|   0|0x00000000c0000000, 0x00000000c0100000, 0x00000000c0100000|100%| O|  |TAMS 0x00000000c0100000, 0x00000000c0000000| Untracked 
|   1|0x00000000c0100000, 0x00000000c0200000, 0x00000000c0200000|100%| O|  |TAMS 0x00000000c0200000, 0x00000000c0100000| Untracked 
|   2|0x00000000c0200000, 0x00000000c0300000, 0x00000000c0300000|100%| O|  |TAMS 0x00000000c0300000, 0x00000000c0200000| Untracked 
|   3|0x00000000c0300000, 0x00000000c0400000, 0x00000000c0400000|100%| O|  |TAMS 0x00000000c0400000, 0x00000000c0300000| Untracked 
|   4|0x00000000c0400000, 0x00000000c0500000, 0x00000000c0500000|100%| O|  |TAMS 0x00000000c0500000, 0x00000000c0400000| Untracked 
|   5|0x00000000c0500000, 0x00000000c0600000, 0x00000000c0600000|100%| O|  |TAMS 0x00000000c0600000, 0x00000000c0500000| Untracked 
|   6|0x00000000c0600000, 0x00000000c0700000, 0x00000000c0700000|100%| O|  |TAMS 0x00000000c0700000, 0x00000000c0600000| Untracked 
|   7|0x00000000c0700000, 0x00000000c0800000, 0x00000000c0800000|100%| O|  |TAMS 0x00000000c0800000, 0x00000000c0700000| Untracked 
|   8|0x00000000c0800000, 0x00000000c0900000, 0x00000000c0900000|100%| O|  |TAMS 0x00000000c0900000, 0x00000000c0800000| Untracked 
|   9|0x00000000c0900000, 0x00000000c0a00000, 0x00000000c0a00000|100%| O|  |TAMS 0x00000000c0900000, 0x00000000c0900000| Untracked 
|  10|0x00000000c0a00000, 0x00000000c0b00000, 0x00000000c0b00000|100%| O|  |TAMS 0x00000000c0b00000, 0x00000000c0a00000| Untracked 
|  11|0x00000000c0b00000, 0x00000000c0c00000, 0x00000000c0c00000|100%| O|  |TAMS 0x00000000c0c00000, 0x00000000c0b00000| Untracked 
|  12|0x00000000c0c00000, 0x00000000c0d00000, 0x00000000c0d00000|100%| O|  |TAMS 0x00000000c0d00000, 0x00000000c0c00000| Untracked 
|  13|0x00000000c0d00000, 0x00000000c0e00000, 0x00000000c0e00000|100%| O|  |TAMS 0x00000000c0e00000, 0x00000000c0d00000| Untracked 
|  14|0x00000000c0e00000, 0x00000000c0f00000, 0x00000000c0f00000|100%| O|  |TAMS 0x00000000c0f00000, 0x00000000c0e00000| Untracked 
|  15|0x00000000c0f00000, 0x00000000c1000000, 0x00000000c1000000|100%| O|  |TAMS 0x00000000c1000000, 0x00000000c0f00000| Untracked 
|  16|0x00000000c1000000, 0x00000000c1100000, 0x00000000c1100000|100%| O|  |TAMS 0x00000000c1000000, 0x00000000c1000000| Untracked 
|  17|0x00000000c1100000, 0x00000000c1200000, 0x00000000c1200000|100%| O|  |TAMS 0x00000000c1100000, 0x00000000c1100000| Untracked 
|  18|0x00000000c1200000, 0x00000000c1300000, 0x00000000c1300000|100%| O|  |TAMS 0x00000000c1200000, 0x00000000c1200000| Untracked 
|  19|0x00000000c1300000, 0x00000000c1400000, 0x00000000c1400000|100%| O|  |TAMS 0x00000000c1300000, 0x00000000c1300000| Untracked 
|  20|0x00000000c1400000, 0x00000000c1500000, 0x00000000c1500000|100%| O|  |TAMS 0x00000000c1500000, 0x00000000c1400000| Untracked 
|  21|0x00000000c1500000, 0x00000000c1600000, 0x00000000c1600000|100%| O|  |TAMS 0x00000000c1600000, 0x00000000c1500000| Untracked 
|  22|0x00000000c1600000, 0x00000000c1700000, 0x00000000c1700000|100%| O|  |TAMS 0x00000000c1700000, 0x00000000c1600000| Untracked 
|  23|0x00000000c1700000, 0x00000000c1800000, 0x00000000c1800000|100%| O|  |TAMS 0x00000000c1800000, 0x00000000c1700000| Untracked 
|  24|0x00000000c1800000, 0x00000000c1900000, 0x00000000c1900000|100%| O|  |TAMS 0x00000000c1900000, 0x00000000c1800000| Untracked 
|  25|0x00000000c1900000, 0x00000000c1a00000, 0x00000000c1a00000|100%| O|  |TAMS 0x00000000c1a00000, 0x00000000c1900000| Untracked 
|  26|0x00000000c1a00000, 0x00000000c1b00000, 0x00000000c1b00000|100%| O|  |TAMS 0x00000000c1b00000, 0x00000000c1a00000| Untracked 
|  27|0x00000000c1b00000, 0x00000000c1c00000, 0x00000000c1c00000|100%| O|  |TAMS 0x00000000c1c00000, 0x00000000c1b00000| Untracked 
|  28|0x00000000c1c00000, 0x00000000c1d00000, 0x00000000c1d00000|100%| O|  |TAMS 0x00000000c1d00000, 0x00000000c1c00000| Untracked 
|  29|0x00000000c1d00000, 0x00000000c1e00000, 0x00000000c1e00000|100%| O|  |TAMS 0x00000000c1e00000, 0x00000000c1d00000| Untracked 
|  30|0x00000000c1e00000, 0x00000000c1f00000, 0x00000000c1f00000|100%| O|  |TAMS 0x00000000c1f00000, 0x00000000c1e00000| Untracked 
|  31|0x00000000c1f00000, 0x00000000c2000000, 0x00000000c2000000|100%| O|  |TAMS 0x00000000c2000000, 0x00000000c1f00000| Untracked 
|  32|0x00000000c2000000, 0x00000000c2100000, 0x00000000c2100000|100%| O|  |TAMS 0x00000000c2100000, 0x00000000c2000000| Untracked 
|  33|0x00000000c2100000, 0x00000000c2200000, 0x00000000c2200000|100%| O|  |TAMS 0x00000000c2200000, 0x00000000c2100000| Untracked 
|  34|0x00000000c2200000, 0x00000000c2300000, 0x00000000c2300000|100%| O|  |TAMS 0x00000000c2300000, 0x00000000c2200000| Untracked 
|  35|0x00000000c2300000, 0x00000000c2400000, 0x00000000c2400000|100%| O|  |TAMS 0x00000000c2400000, 0x00000000c2300000| Untracked 
|  36|0x00000000c2400000, 0x00000000c2500000, 0x00000000c2500000|100%| O|  |TAMS 0x00000000c2500000, 0x00000000c2400000| Untracked 
|  37|0x00000000c2500000, 0x00000000c2600000, 0x00000000c2600000|100%| O|  |TAMS 0x00000000c2528400, 0x00000000c2500000| Untracked 
|  38|0x00000000c2600000, 0x00000000c2700000, 0x00000000c2700000|100%| O|  |TAMS 0x00000000c2600000, 0x00000000c2600000| Untracked 
|  39|0x00000000c2700000, 0x00000000c2800000, 0x00000000c2800000|100%| O|  |TAMS 0x00000000c2700000, 0x00000000c2700000| Untracked 
|  40|0x00000000c2800000, 0x00000000c2900000, 0x00000000c2900000|100%| O|  |TAMS 0x00000000c2800000, 0x00000000c2800000| Untracked 
|  41|0x00000000c2900000, 0x00000000c2a00000, 0x00000000c2a00000|100%| O|  |TAMS 0x00000000c2900000, 0x00000000c2900000| Untracked 
|  42|0x00000000c2a00000, 0x00000000c2b00000, 0x00000000c2b00000|100%| O|  |TAMS 0x00000000c2a00000, 0x00000000c2a00000| Untracked 
|  43|0x00000000c2b00000, 0x00000000c2c00000, 0x00000000c2c00000|100%| O|  |TAMS 0x00000000c2b00000, 0x00000000c2b00000| Untracked 
|  44|0x00000000c2c00000, 0x00000000c2d00000, 0x00000000c2d00000|100%| O|  |TAMS 0x00000000c2c00000, 0x00000000c2c00000| Untracked 
|  45|0x00000000c2d00000, 0x00000000c2e00000, 0x00000000c2e00000|100%| O|  |TAMS 0x00000000c2d00000, 0x00000000c2d00000| Untracked 
|  46|0x00000000c2e00000, 0x00000000c2f00000, 0x00000000c2f00000|100%| O|  |TAMS 0x00000000c2e00000, 0x00000000c2e00000| Untracked 
|  47|0x00000000c2f00000, 0x00000000c3000000, 0x00000000c3000000|100%| O|  |TAMS 0x00000000c2f00000, 0x00000000c2f00000| Untracked 
|  48|0x00000000c3000000, 0x00000000c3100000, 0x00000000c3100000|100%| O|  |TAMS 0x00000000c3000000, 0x00000000c3000000| Untracked 
|  49|0x00000000c3100000, 0x00000000c3200000, 0x00000000c3200000|100%| O|  |TAMS 0x00000000c3100000, 0x00000000c3100000| Untracked 
|  50|0x00000000c3200000, 0x00000000c3300000, 0x00000000c3300000|100%| O|  |TAMS 0x00000000c3200000, 0x00000000c3200000| Untracked 
|  51|0x00000000c3300000, 0x00000000c3400000, 0x00000000c3400000|100%| O|  |TAMS 0x00000000c3300000, 0x00000000c3300000| Untracked 
|  52|0x00000000c3400000, 0x00000000c3500000, 0x00000000c3500000|100%| O|  |TAMS 0x00000000c3400000, 0x00000000c3400000| Untracked 
|  53|0x00000000c3500000, 0x00000000c3600000, 0x00000000c3600000|100%|HS|  |TAMS 0x00000000c3500000, 0x00000000c3500000| Complete 
|  54|0x00000000c3600000, 0x00000000c3700000, 0x00000000c3700000|100%|HC|  |TAMS 0x00000000c3600000, 0x00000000c3600000| Complete 
|  55|0x00000000c3700000, 0x00000000c3800000, 0x00000000c3800000|100%|HC|  |TAMS 0x00000000c3700000, 0x00000000c3700000| Complete 
|  56|0x00000000c3800000, 0x00000000c3900000, 0x00000000c3900000|100%|HC|  |TAMS 0x00000000c3800000, 0x00000000c3800000| Complete 
|  57|0x00000000c3900000, 0x00000000c3a00000, 0x00000000c3a00000|100%|HS|  |TAMS 0x00000000c3900000, 0x00000000c3900000| Complete 
|  58|0x00000000c3a00000, 0x00000000c3b00000, 0x00000000c3b00000|100%| O|  |TAMS 0x00000000c3a00000, 0x00000000c3a00000| Untracked 
|  59|0x00000000c3b00000, 0x00000000c3c00000, 0x00000000c3c00000|100%| O|  |TAMS 0x00000000c3b00000, 0x00000000c3b00000| Untracked 
|  60|0x00000000c3c00000, 0x00000000c3d00000, 0x00000000c3d00000|100%| O|  |TAMS 0x00000000c3c00000, 0x00000000c3c00000| Untracked 
|  61|0x00000000c3d00000, 0x00000000c3e00000, 0x00000000c3e00000|100%| O|  |TAMS 0x00000000c3d00000, 0x00000000c3d00000| Untracked 
|  62|0x00000000c3e00000, 0x00000000c3f00000, 0x00000000c3f00000|100%| O|  |TAMS 0x00000000c3e00000, 0x00000000c3e00000| Untracked 
|  63|0x00000000c3f00000, 0x00000000c4000000, 0x00000000c4000000|100%| O|  |TAMS 0x00000000c3f00000, 0x00000000c3f00000| Untracked 
|  64|0x00000000c4000000, 0x00000000c4100000, 0x00000000c4100000|100%| O|  |TAMS 0x00000000c4000000, 0x00000000c4000000| Untracked 
|  65|0x00000000c4100000, 0x00000000c4200000, 0x00000000c4200000|100%| O|  |TAMS 0x00000000c4100000, 0x00000000c4100000| Untracked 
|  66|0x00000000c4200000, 0x00000000c4233800, 0x00000000c4300000| 20%| O|  |TAMS 0x00000000c4200000, 0x00000000c4200000| Untracked 
|  67|0x00000000c4300000, 0x00000000c4300000, 0x00000000c4400000|  0%| F|  |TAMS 0x00000000c4300000, 0x00000000c4300000| Untracked 
|  68|0x00000000c4400000, 0x00000000c4400000, 0x00000000c4500000|  0%| F|  |TAMS 0x00000000c4400000, 0x00000000c4400000| Untracked 
|  69|0x00000000c4500000, 0x00000000c4500000, 0x00000000c4600000|  0%| F|  |TAMS 0x00000000c4500000, 0x00000000c4500000| Untracked 
|  70|0x00000000c4600000, 0x00000000c4600000, 0x00000000c4700000|  0%| F|  |TAMS 0x00000000c4600000, 0x00000000c4600000| Untracked 
|  71|0x00000000c4700000, 0x00000000c4700000, 0x00000000c4800000|  0%| F|  |TAMS 0x00000000c4700000, 0x00000000c4700000| Untracked 
|  72|0x00000000c4800000, 0x00000000c4800000, 0x00000000c4900000|  0%| F|  |TAMS 0x00000000c4800000, 0x00000000c4800000| Untracked 
|  73|0x00000000c4900000, 0x00000000c4900000, 0x00000000c4a00000|  0%| F|  |TAMS 0x00000000c4900000, 0x00000000c4900000| Untracked 
|  74|0x00000000c4a00000, 0x00000000c4a00000, 0x00000000c4b00000|  0%| F|  |TAMS 0x00000000c4a00000, 0x00000000c4a00000| Untracked 
|  75|0x00000000c4b00000, 0x00000000c4b00000, 0x00000000c4c00000|  0%| F|  |TAMS 0x00000000c4b00000, 0x00000000c4b00000| Untracked 
|  76|0x00000000c4c00000, 0x00000000c4c00000, 0x00000000c4d00000|  0%| F|  |TAMS 0x00000000c4c00000, 0x00000000c4c00000| Untracked 
|  77|0x00000000c4d00000, 0x00000000c4d00000, 0x00000000c4e00000|  0%| F|  |TAMS 0x00000000c4d00000, 0x00000000c4d00000| Untracked 
|  78|0x00000000c4e00000, 0x00000000c4e00000, 0x00000000c4f00000|  0%| F|  |TAMS 0x00000000c4e00000, 0x00000000c4e00000| Untracked 
|  79|0x00000000c4f00000, 0x00000000c4f00000, 0x00000000c5000000|  0%| F|  |TAMS 0x00000000c4f00000, 0x00000000c4f00000| Untracked 
|  80|0x00000000c5000000, 0x00000000c5000000, 0x00000000c5100000|  0%| F|  |TAMS 0x00000000c5000000, 0x00000000c5000000| Untracked 
|  81|0x00000000c5100000, 0x00000000c5100000, 0x00000000c5200000|  0%| F|  |TAMS 0x00000000c5100000, 0x00000000c5100000| Untracked 
|  82|0x00000000c5200000, 0x00000000c5200000, 0x00000000c5300000|  0%| F|  |TAMS 0x00000000c5200000, 0x00000000c5200000| Untracked 
|  83|0x00000000c5300000, 0x00000000c5300000, 0x00000000c5400000|  0%| F|  |TAMS 0x00000000c5300000, 0x00000000c5300000| Untracked 
|  84|0x00000000c5400000, 0x00000000c5400000, 0x00000000c5500000|  0%| F|  |TAMS 0x00000000c5400000, 0x00000000c5400000| Untracked 
|  85|0x00000000c5500000, 0x00000000c5500000, 0x00000000c5600000|  0%| F|  |TAMS 0x00000000c5500000, 0x00000000c5500000| Untracked 
|  86|0x00000000c5600000, 0x00000000c5600000, 0x00000000c5700000|  0%| F|  |TAMS 0x00000000c5600000, 0x00000000c5600000| Untracked 
|  87|0x00000000c5700000, 0x00000000c5700000, 0x00000000c5800000|  0%| F|  |TAMS 0x00000000c5700000, 0x00000000c5700000| Untracked 
|  88|0x00000000c5800000, 0x00000000c5800000, 0x00000000c5900000|  0%| F|  |TAMS 0x00000000c5800000, 0x00000000c5800000| Untracked 
|  89|0x00000000c5900000, 0x00000000c5900000, 0x00000000c5a00000|  0%| F|  |TAMS 0x00000000c5900000, 0x00000000c5900000| Untracked 
|  90|0x00000000c5a00000, 0x00000000c5a00000, 0x00000000c5b00000|  0%| F|  |TAMS 0x00000000c5a00000, 0x00000000c5a00000| Untracked 
|  91|0x00000000c5b00000, 0x00000000c5b00000, 0x00000000c5c00000|  0%| F|  |TAMS 0x00000000c5b00000, 0x00000000c5b00000| Untracked 
|  92|0x00000000c5c00000, 0x00000000c5c00000, 0x00000000c5d00000|  0%| F|  |TAMS 0x00000000c5c00000, 0x00000000c5c00000| Untracked 
|  93|0x00000000c5d00000, 0x00000000c5d00000, 0x00000000c5e00000|  0%| F|  |TAMS 0x00000000c5d00000, 0x00000000c5d00000| Untracked 
|  94|0x00000000c5e00000, 0x00000000c5e00000, 0x00000000c5f00000|  0%| F|  |TAMS 0x00000000c5e00000, 0x00000000c5e00000| Untracked 
|  95|0x00000000c5f00000, 0x00000000c5f00000, 0x00000000c6000000|  0%| F|  |TAMS 0x00000000c5f00000, 0x00000000c5f00000| Untracked 
|  96|0x00000000c6000000, 0x00000000c6000000, 0x00000000c6100000|  0%| F|  |TAMS 0x00000000c6000000, 0x00000000c6000000| Untracked 
|  97|0x00000000c6100000, 0x00000000c6100000, 0x00000000c6200000|  0%| F|  |TAMS 0x00000000c6100000, 0x00000000c6100000| Untracked 
|  98|0x00000000c6200000, 0x00000000c6200000, 0x00000000c6300000|  0%| F|  |TAMS 0x00000000c6200000, 0x00000000c6200000| Untracked 
|  99|0x00000000c6300000, 0x00000000c6300000, 0x00000000c6400000|  0%| F|  |TAMS 0x00000000c6300000, 0x00000000c6300000| Untracked 
| 100|0x00000000c6400000, 0x00000000c6400000, 0x00000000c6500000|  0%| F|  |TAMS 0x00000000c6400000, 0x00000000c6400000| Untracked 
| 101|0x00000000c6500000, 0x00000000c6500000, 0x00000000c6600000|  0%| F|  |TAMS 0x00000000c6500000, 0x00000000c6500000| Untracked 
| 102|0x00000000c6600000, 0x00000000c6600000, 0x00000000c6700000|  0%| F|  |TAMS 0x00000000c6600000, 0x00000000c6600000| Untracked 
| 103|0x00000000c6700000, 0x00000000c6700000, 0x00000000c6800000|  0%| F|  |TAMS 0x00000000c6700000, 0x00000000c6700000| Untracked 
| 104|0x00000000c6800000, 0x00000000c6800000, 0x00000000c6900000|  0%| F|  |TAMS 0x00000000c6800000, 0x00000000c6800000| Untracked 
| 105|0x00000000c6900000, 0x00000000c6900000, 0x00000000c6a00000|  0%| F|  |TAMS 0x00000000c6900000, 0x00000000c6900000| Untracked 
| 106|0x00000000c6a00000, 0x00000000c6a00000, 0x00000000c6b00000|  0%| F|  |TAMS 0x00000000c6a00000, 0x00000000c6a00000| Untracked 
| 107|0x00000000c6b00000, 0x00000000c6b00000, 0x00000000c6c00000|  0%| F|  |TAMS 0x00000000c6b00000, 0x00000000c6b00000| Untracked 
| 108|0x00000000c6c00000, 0x00000000c6c00000, 0x00000000c6d00000|  0%| F|  |TAMS 0x00000000c6c00000, 0x00000000c6c00000| Untracked 
| 109|0x00000000c6d00000, 0x00000000c6d00000, 0x00000000c6e00000|  0%| F|  |TAMS 0x00000000c6d00000, 0x00000000c6d00000| Untracked 
| 110|0x00000000c6e00000, 0x00000000c6e00000, 0x00000000c6f00000|  0%| F|  |TAMS 0x00000000c6e00000, 0x00000000c6e00000| Untracked 
| 111|0x00000000c6f00000, 0x00000000c6f00000, 0x00000000c7000000|  0%| F|  |TAMS 0x00000000c6f00000, 0x00000000c6f00000| Untracked 
| 112|0x00000000c7000000, 0x00000000c7000000, 0x00000000c7100000|  0%| F|  |TAMS 0x00000000c7000000, 0x00000000c7000000| Untracked 
| 113|0x00000000c7100000, 0x00000000c7100000, 0x00000000c7200000|  0%| F|  |TAMS 0x00000000c7100000, 0x00000000c7100000| Untracked 
| 114|0x00000000c7200000, 0x00000000c7200000, 0x00000000c7300000|  0%| F|  |TAMS 0x00000000c7200000, 0x00000000c7200000| Untracked 
| 115|0x00000000c7300000, 0x00000000c7300000, 0x00000000c7400000|  0%| F|  |TAMS 0x00000000c7300000, 0x00000000c7300000| Untracked 
| 116|0x00000000c7400000, 0x00000000c7400000, 0x00000000c7500000|  0%| F|  |TAMS 0x00000000c7400000, 0x00000000c7400000| Untracked 
| 117|0x00000000c7500000, 0x00000000c7500000, 0x00000000c7600000|  0%| F|  |TAMS 0x00000000c7500000, 0x00000000c7500000| Untracked 
| 118|0x00000000c7600000, 0x00000000c7600000, 0x00000000c7700000|  0%| F|  |TAMS 0x00000000c7600000, 0x00000000c7600000| Untracked 
| 119|0x00000000c7700000, 0x00000000c7700000, 0x00000000c7800000|  0%| F|  |TAMS 0x00000000c7700000, 0x00000000c7700000| Untracked 
| 120|0x00000000c7800000, 0x00000000c7800000, 0x00000000c7900000|  0%| F|  |TAMS 0x00000000c7800000, 0x00000000c7800000| Untracked 
| 121|0x00000000c7900000, 0x00000000c7900000, 0x00000000c7a00000|  0%| F|  |TAMS 0x00000000c7900000, 0x00000000c7900000| Untracked 
| 122|0x00000000c7a00000, 0x00000000c7a00000, 0x00000000c7b00000|  0%| F|  |TAMS 0x00000000c7a00000, 0x00000000c7a00000| Untracked 
| 123|0x00000000c7b00000, 0x00000000c7b9c690, 0x00000000c7c00000| 61%| S|CS|TAMS 0x00000000c7b00000, 0x00000000c7b00000| Complete 
| 124|0x00000000c7c00000, 0x00000000c7d00000, 0x00000000c7d00000|100%| S|CS|TAMS 0x00000000c7c00000, 0x00000000c7c00000| Complete 
| 125|0x00000000c7d00000, 0x00000000c7e00000, 0x00000000c7e00000|100%| S|CS|TAMS 0x00000000c7d00000, 0x00000000c7d00000| Complete 
| 126|0x00000000c7e00000, 0x00000000c7f00000, 0x00000000c7f00000|100%| S|CS|TAMS 0x00000000c7e00000, 0x00000000c7e00000| Complete 
| 127|0x00000000c7f00000, 0x00000000c8000000, 0x00000000c8000000|100%| S|CS|TAMS 0x00000000c7f00000, 0x00000000c7f00000| Complete 
| 128|0x00000000c8000000, 0x00000000c8100000, 0x00000000c8100000|100%| S|CS|TAMS 0x00000000c8000000, 0x00000000c8000000| Complete 
| 129|0x00000000c8100000, 0x00000000c8100000, 0x00000000c8200000|  0%| F|  |TAMS 0x00000000c8100000, 0x00000000c8100000| Untracked 
| 130|0x00000000c8200000, 0x00000000c8200000, 0x00000000c8300000|  0%| F|  |TAMS 0x00000000c8200000, 0x00000000c8200000| Untracked 
| 131|0x00000000c8300000, 0x00000000c8300000, 0x00000000c8400000|  0%| F|  |TAMS 0x00000000c8300000, 0x00000000c8300000| Untracked 
| 132|0x00000000c8400000, 0x00000000c8400000, 0x00000000c8500000|  0%| F|  |TAMS 0x00000000c8400000, 0x00000000c8400000| Untracked 
| 133|0x00000000c8500000, 0x00000000c8500000, 0x00000000c8600000|  0%| F|  |TAMS 0x00000000c8500000, 0x00000000c8500000| Untracked 
| 134|0x00000000c8600000, 0x00000000c8600000, 0x00000000c8700000|  0%| F|  |TAMS 0x00000000c8600000, 0x00000000c8600000| Untracked 
| 135|0x00000000c8700000, 0x00000000c8700000, 0x00000000c8800000|  0%| F|  |TAMS 0x00000000c8700000, 0x00000000c8700000| Untracked 
| 136|0x00000000c8800000, 0x00000000c8800000, 0x00000000c8900000|  0%| F|  |TAMS 0x00000000c8800000, 0x00000000c8800000| Untracked 
| 137|0x00000000c8900000, 0x00000000c8a00000, 0x00000000c8a00000|100%| S|CS|TAMS 0x00000000c8900000, 0x00000000c8900000| Complete 
| 138|0x00000000c8a00000, 0x00000000c8b00000, 0x00000000c8b00000|100%| S|CS|TAMS 0x00000000c8a00000, 0x00000000c8a00000| Complete 
| 139|0x00000000c8b00000, 0x00000000c8c00000, 0x00000000c8c00000|100%| S|CS|TAMS 0x00000000c8b00000, 0x00000000c8b00000| Complete 
| 140|0x00000000c8c00000, 0x00000000c8d00000, 0x00000000c8d00000|100%| S|CS|TAMS 0x00000000c8c00000, 0x00000000c8c00000| Complete 
| 141|0x00000000c8d00000, 0x00000000c8e00000, 0x00000000c8e00000|100%| S|CS|TAMS 0x00000000c8d00000, 0x00000000c8d00000| Complete 
| 142|0x00000000c8e00000, 0x00000000c8e00000, 0x00000000c8f00000|  0%| F|  |TAMS 0x00000000c8e00000, 0x00000000c8e00000| Untracked 
| 143|0x00000000c8f00000, 0x00000000c8f00000, 0x00000000c9000000|  0%| F|  |TAMS 0x00000000c8f00000, 0x00000000c8f00000| Untracked 
| 144|0x00000000c9000000, 0x00000000c9000000, 0x00000000c9100000|  0%| F|  |TAMS 0x00000000c9000000, 0x00000000c9000000| Untracked 
| 145|0x00000000c9100000, 0x00000000c9100000, 0x00000000c9200000|  0%| F|  |TAMS 0x00000000c9100000, 0x00000000c9100000| Untracked 
| 146|0x00000000c9200000, 0x00000000c9200000, 0x00000000c9300000|  0%| F|  |TAMS 0x00000000c9200000, 0x00000000c9200000| Untracked 
| 147|0x00000000c9300000, 0x00000000c9300000, 0x00000000c9400000|  0%| F|  |TAMS 0x00000000c9300000, 0x00000000c9300000| Untracked 
| 148|0x00000000c9400000, 0x00000000c9400000, 0x00000000c9500000|  0%| F|  |TAMS 0x00000000c9400000, 0x00000000c9400000| Untracked 
| 149|0x00000000c9500000, 0x00000000c9500000, 0x00000000c9600000|  0%| F|  |TAMS 0x00000000c9500000, 0x00000000c9500000| Untracked 
| 150|0x00000000c9600000, 0x00000000c9600000, 0x00000000c9700000|  0%| F|  |TAMS 0x00000000c9600000, 0x00000000c9600000| Untracked 
| 151|0x00000000c9700000, 0x00000000c9700000, 0x00000000c9800000|  0%| F|  |TAMS 0x00000000c9700000, 0x00000000c9700000| Untracked 
| 152|0x00000000c9800000, 0x00000000c9800000, 0x00000000c9900000|  0%| F|  |TAMS 0x00000000c9800000, 0x00000000c9800000| Untracked 
| 153|0x00000000c9900000, 0x00000000c9900000, 0x00000000c9a00000|  0%| F|  |TAMS 0x00000000c9900000, 0x00000000c9900000| Untracked 
| 154|0x00000000c9a00000, 0x00000000c9a00000, 0x00000000c9b00000|  0%| F|  |TAMS 0x00000000c9a00000, 0x00000000c9a00000| Untracked 
| 155|0x00000000c9b00000, 0x00000000c9b00000, 0x00000000c9c00000|  0%| F|  |TAMS 0x00000000c9b00000, 0x00000000c9b00000| Untracked 
| 156|0x00000000c9c00000, 0x00000000c9c00000, 0x00000000c9d00000|  0%| F|  |TAMS 0x00000000c9c00000, 0x00000000c9c00000| Untracked 
| 157|0x00000000c9d00000, 0x00000000c9d00000, 0x00000000c9e00000|  0%| F|  |TAMS 0x00000000c9d00000, 0x00000000c9d00000| Untracked 
| 158|0x00000000c9e00000, 0x00000000c9e00000, 0x00000000c9f00000|  0%| F|  |TAMS 0x00000000c9e00000, 0x00000000c9e00000| Untracked 
| 159|0x00000000c9f00000, 0x00000000c9f00000, 0x00000000ca000000|  0%| F|  |TAMS 0x00000000c9f00000, 0x00000000c9f00000| Untracked 
| 160|0x00000000ca000000, 0x00000000ca000000, 0x00000000ca100000|  0%| F|  |TAMS 0x00000000ca000000, 0x00000000ca000000| Untracked 
| 161|0x00000000ca100000, 0x00000000ca100000, 0x00000000ca200000|  0%| F|  |TAMS 0x00000000ca100000, 0x00000000ca100000| Untracked 
| 162|0x00000000ca200000, 0x00000000ca200000, 0x00000000ca300000|  0%| F|  |TAMS 0x00000000ca200000, 0x00000000ca200000| Untracked 
| 163|0x00000000ca300000, 0x00000000ca300000, 0x00000000ca400000|  0%| F|  |TAMS 0x00000000ca300000, 0x00000000ca300000| Untracked 
| 164|0x00000000ca400000, 0x00000000ca400000, 0x00000000ca500000|  0%| F|  |TAMS 0x00000000ca400000, 0x00000000ca400000| Untracked 
| 165|0x00000000ca500000, 0x00000000ca500000, 0x00000000ca600000|  0%| F|  |TAMS 0x00000000ca500000, 0x00000000ca500000| Untracked 
| 166|0x00000000ca600000, 0x00000000ca600000, 0x00000000ca700000|  0%| F|  |TAMS 0x00000000ca600000, 0x00000000ca600000| Untracked 
| 167|0x00000000ca700000, 0x00000000ca700000, 0x00000000ca800000|  0%| F|  |TAMS 0x00000000ca700000, 0x00000000ca700000| Untracked 
| 168|0x00000000ca800000, 0x00000000ca800000, 0x00000000ca900000|  0%| F|  |TAMS 0x00000000ca800000, 0x00000000ca800000| Untracked 
| 169|0x00000000ca900000, 0x00000000ca900000, 0x00000000caa00000|  0%| F|  |TAMS 0x00000000ca900000, 0x00000000ca900000| Untracked 
| 170|0x00000000caa00000, 0x00000000caa00000, 0x00000000cab00000|  0%| F|  |TAMS 0x00000000caa00000, 0x00000000caa00000| Untracked 
| 171|0x00000000cab00000, 0x00000000cab00000, 0x00000000cac00000|  0%| F|  |TAMS 0x00000000cab00000, 0x00000000cab00000| Untracked 
| 172|0x00000000cac00000, 0x00000000cac00000, 0x00000000cad00000|  0%| F|  |TAMS 0x00000000cac00000, 0x00000000cac00000| Untracked 
| 173|0x00000000cad00000, 0x00000000cad00000, 0x00000000cae00000|  0%| F|  |TAMS 0x00000000cad00000, 0x00000000cad00000| Untracked 
| 174|0x00000000cae00000, 0x00000000cae00000, 0x00000000caf00000|  0%| F|  |TAMS 0x00000000cae00000, 0x00000000cae00000| Untracked 
| 175|0x00000000caf00000, 0x00000000caf00000, 0x00000000cb000000|  0%| F|  |TAMS 0x00000000caf00000, 0x00000000caf00000| Untracked 
| 176|0x00000000cb000000, 0x00000000cb000000, 0x00000000cb100000|  0%| F|  |TAMS 0x00000000cb000000, 0x00000000cb000000| Untracked 
| 177|0x00000000cb100000, 0x00000000cb100000, 0x00000000cb200000|  0%| F|  |TAMS 0x00000000cb100000, 0x00000000cb100000| Untracked 
| 178|0x00000000cb200000, 0x00000000cb200000, 0x00000000cb300000|  0%| F|  |TAMS 0x00000000cb200000, 0x00000000cb200000| Untracked 
| 179|0x00000000cb300000, 0x00000000cb300000, 0x00000000cb400000|  0%| F|  |TAMS 0x00000000cb300000, 0x00000000cb300000| Untracked 
| 180|0x00000000cb400000, 0x00000000cb400000, 0x00000000cb500000|  0%| F|  |TAMS 0x00000000cb400000, 0x00000000cb400000| Untracked 
| 181|0x00000000cb500000, 0x00000000cb500000, 0x00000000cb600000|  0%| F|  |TAMS 0x00000000cb500000, 0x00000000cb500000| Untracked 
| 182|0x00000000cb600000, 0x00000000cb600000, 0x00000000cb700000|  0%| F|  |TAMS 0x00000000cb600000, 0x00000000cb600000| Untracked 
| 183|0x00000000cb700000, 0x00000000cb700000, 0x00000000cb800000|  0%| F|  |TAMS 0x00000000cb700000, 0x00000000cb700000| Untracked 
| 184|0x00000000cb800000, 0x00000000cb800000, 0x00000000cb900000|  0%| F|  |TAMS 0x00000000cb800000, 0x00000000cb800000| Untracked 
| 185|0x00000000cb900000, 0x00000000cb900000, 0x00000000cba00000|  0%| F|  |TAMS 0x00000000cb900000, 0x00000000cb900000| Untracked 
| 186|0x00000000cba00000, 0x00000000cba00000, 0x00000000cbb00000|  0%| F|  |TAMS 0x00000000cba00000, 0x00000000cba00000| Untracked 
| 187|0x00000000cbb00000, 0x00000000cbb00000, 0x00000000cbc00000|  0%| F|  |TAMS 0x00000000cbb00000, 0x00000000cbb00000| Untracked 
| 188|0x00000000cbc00000, 0x00000000cbc00000, 0x00000000cbd00000|  0%| F|  |TAMS 0x00000000cbc00000, 0x00000000cbc00000| Untracked 
| 189|0x00000000cbd00000, 0x00000000cbd00000, 0x00000000cbe00000|  0%| F|  |TAMS 0x00000000cbd00000, 0x00000000cbd00000| Untracked 
| 190|0x00000000cbe00000, 0x00000000cbe00000, 0x00000000cbf00000|  0%| F|  |TAMS 0x00000000cbe00000, 0x00000000cbe00000| Untracked 
| 191|0x00000000cbf00000, 0x00000000cbf00000, 0x00000000cc000000|  0%| F|  |TAMS 0x00000000cbf00000, 0x00000000cbf00000| Untracked 
| 192|0x00000000cc000000, 0x00000000cc000000, 0x00000000cc100000|  0%| F|  |TAMS 0x00000000cc000000, 0x00000000cc000000| Untracked 
| 193|0x00000000cc100000, 0x00000000cc100000, 0x00000000cc200000|  0%| F|  |TAMS 0x00000000cc100000, 0x00000000cc100000| Untracked 
| 194|0x00000000cc200000, 0x00000000cc200000, 0x00000000cc300000|  0%| F|  |TAMS 0x00000000cc200000, 0x00000000cc200000| Untracked 
| 195|0x00000000cc300000, 0x00000000cc300000, 0x00000000cc400000|  0%| F|  |TAMS 0x00000000cc300000, 0x00000000cc300000| Untracked 
| 196|0x00000000cc400000, 0x00000000cc400000, 0x00000000cc500000|  0%| F|  |TAMS 0x00000000cc400000, 0x00000000cc400000| Untracked 
| 197|0x00000000cc500000, 0x00000000cc500000, 0x00000000cc600000|  0%| F|  |TAMS 0x00000000cc500000, 0x00000000cc500000| Untracked 
| 198|0x00000000cc600000, 0x00000000cc600000, 0x00000000cc700000|  0%| F|  |TAMS 0x00000000cc600000, 0x00000000cc600000| Untracked 
| 199|0x00000000cc700000, 0x00000000cc700000, 0x00000000cc800000|  0%| F|  |TAMS 0x00000000cc700000, 0x00000000cc700000| Untracked 
| 200|0x00000000cc800000, 0x00000000cc800000, 0x00000000cc900000|  0%| F|  |TAMS 0x00000000cc800000, 0x00000000cc800000| Untracked 
| 201|0x00000000cc900000, 0x00000000cc900000, 0x00000000cca00000|  0%| F|  |TAMS 0x00000000cc900000, 0x00000000cc900000| Untracked 
| 202|0x00000000cca00000, 0x00000000cca00000, 0x00000000ccb00000|  0%| F|  |TAMS 0x00000000cca00000, 0x00000000cca00000| Untracked 
| 203|0x00000000ccb00000, 0x00000000ccb00000, 0x00000000ccc00000|  0%| F|  |TAMS 0x00000000ccb00000, 0x00000000ccb00000| Untracked 
| 204|0x00000000ccc00000, 0x00000000ccc00000, 0x00000000ccd00000|  0%| F|  |TAMS 0x00000000ccc00000, 0x00000000ccc00000| Untracked 
| 205|0x00000000ccd00000, 0x00000000ccd00000, 0x00000000cce00000|  0%| F|  |TAMS 0x00000000ccd00000, 0x00000000ccd00000| Untracked 
| 206|0x00000000cce00000, 0x00000000cce00000, 0x00000000ccf00000|  0%| F|  |TAMS 0x00000000cce00000, 0x00000000cce00000| Untracked 
| 207|0x00000000ccf00000, 0x00000000ccf00000, 0x00000000cd000000|  0%| F|  |TAMS 0x00000000ccf00000, 0x00000000ccf00000| Untracked 
| 208|0x00000000cd000000, 0x00000000cd000000, 0x00000000cd100000|  0%| F|  |TAMS 0x00000000cd000000, 0x00000000cd000000| Untracked 
| 209|0x00000000cd100000, 0x00000000cd100000, 0x00000000cd200000|  0%| F|  |TAMS 0x00000000cd100000, 0x00000000cd100000| Untracked 
| 210|0x00000000cd200000, 0x00000000cd200000, 0x00000000cd300000|  0%| F|  |TAMS 0x00000000cd200000, 0x00000000cd200000| Untracked 
| 211|0x00000000cd300000, 0x00000000cd300000, 0x00000000cd400000|  0%| F|  |TAMS 0x00000000cd300000, 0x00000000cd300000| Untracked 
| 212|0x00000000cd400000, 0x00000000cd400000, 0x00000000cd500000|  0%| F|  |TAMS 0x00000000cd400000, 0x00000000cd400000| Untracked 
| 213|0x00000000cd500000, 0x00000000cd500000, 0x00000000cd600000|  0%| F|  |TAMS 0x00000000cd500000, 0x00000000cd500000| Untracked 
| 214|0x00000000cd600000, 0x00000000cd600000, 0x00000000cd700000|  0%| F|  |TAMS 0x00000000cd600000, 0x00000000cd600000| Untracked 
| 215|0x00000000cd700000, 0x00000000cd700000, 0x00000000cd800000|  0%| F|  |TAMS 0x00000000cd700000, 0x00000000cd700000| Untracked 
| 216|0x00000000cd800000, 0x00000000cd800000, 0x00000000cd900000|  0%| F|  |TAMS 0x00000000cd800000, 0x00000000cd800000| Untracked 
| 217|0x00000000cd900000, 0x00000000cd900000, 0x00000000cda00000|  0%| F|  |TAMS 0x00000000cd900000, 0x00000000cd900000| Untracked 
| 218|0x00000000cda00000, 0x00000000cda00000, 0x00000000cdb00000|  0%| F|  |TAMS 0x00000000cda00000, 0x00000000cda00000| Untracked 
| 219|0x00000000cdb00000, 0x00000000cdb00000, 0x00000000cdc00000|  0%| F|  |TAMS 0x00000000cdb00000, 0x00000000cdb00000| Untracked 
| 220|0x00000000cdc00000, 0x00000000cdc00000, 0x00000000cdd00000|  0%| F|  |TAMS 0x00000000cdc00000, 0x00000000cdc00000| Untracked 
| 221|0x00000000cdd00000, 0x00000000cdd00000, 0x00000000cde00000|  0%| F|  |TAMS 0x00000000cdd00000, 0x00000000cdd00000| Untracked 
| 222|0x00000000cde00000, 0x00000000cde00000, 0x00000000cdf00000|  0%| F|  |TAMS 0x00000000cde00000, 0x00000000cde00000| Untracked 
| 223|0x00000000cdf00000, 0x00000000cdf00000, 0x00000000ce000000|  0%| F|  |TAMS 0x00000000cdf00000, 0x00000000cdf00000| Untracked 
| 224|0x00000000ce000000, 0x00000000ce000000, 0x00000000ce100000|  0%| F|  |TAMS 0x00000000ce000000, 0x00000000ce000000| Untracked 
| 225|0x00000000ce100000, 0x00000000ce100000, 0x00000000ce200000|  0%| F|  |TAMS 0x00000000ce100000, 0x00000000ce100000| Untracked 
| 226|0x00000000ce200000, 0x00000000ce200000, 0x00000000ce300000|  0%| F|  |TAMS 0x00000000ce200000, 0x00000000ce200000| Untracked 
| 227|0x00000000ce300000, 0x00000000ce300000, 0x00000000ce400000|  0%| F|  |TAMS 0x00000000ce300000, 0x00000000ce300000| Untracked 
| 228|0x00000000ce400000, 0x00000000ce400000, 0x00000000ce500000|  0%| F|  |TAMS 0x00000000ce400000, 0x00000000ce400000| Untracked 
| 229|0x00000000ce500000, 0x00000000ce500000, 0x00000000ce600000|  0%| F|  |TAMS 0x00000000ce500000, 0x00000000ce500000| Untracked 
| 230|0x00000000ce600000, 0x00000000ce600000, 0x00000000ce700000|  0%| F|  |TAMS 0x00000000ce600000, 0x00000000ce600000| Untracked 
| 231|0x00000000ce700000, 0x00000000ce700000, 0x00000000ce800000|  0%| F|  |TAMS 0x00000000ce700000, 0x00000000ce700000| Untracked 
| 232|0x00000000ce800000, 0x00000000ce800000, 0x00000000ce900000|  0%| F|  |TAMS 0x00000000ce800000, 0x00000000ce800000| Untracked 
| 233|0x00000000ce900000, 0x00000000ce900000, 0x00000000cea00000|  0%| F|  |TAMS 0x00000000ce900000, 0x00000000ce900000| Untracked 
| 234|0x00000000cea00000, 0x00000000cea00000, 0x00000000ceb00000|  0%| F|  |TAMS 0x00000000cea00000, 0x00000000cea00000| Untracked 
| 235|0x00000000ceb00000, 0x00000000ceb00000, 0x00000000cec00000|  0%| F|  |TAMS 0x00000000ceb00000, 0x00000000ceb00000| Untracked 
| 236|0x00000000cec00000, 0x00000000cec00000, 0x00000000ced00000|  0%| F|  |TAMS 0x00000000cec00000, 0x00000000cec00000| Untracked 
| 237|0x00000000ced00000, 0x00000000ced00000, 0x00000000cee00000|  0%| F|  |TAMS 0x00000000ced00000, 0x00000000ced00000| Untracked 
| 238|0x00000000cee00000, 0x00000000cee00000, 0x00000000cef00000|  0%| F|  |TAMS 0x00000000cee00000, 0x00000000cee00000| Untracked 
| 239|0x00000000cef00000, 0x00000000cef00000, 0x00000000cf000000|  0%| F|  |TAMS 0x00000000cef00000, 0x00000000cef00000| Untracked 
| 240|0x00000000cf000000, 0x00000000cf000000, 0x00000000cf100000|  0%| F|  |TAMS 0x00000000cf000000, 0x00000000cf000000| Untracked 
| 241|0x00000000cf100000, 0x00000000cf100000, 0x00000000cf200000|  0%| F|  |TAMS 0x00000000cf100000, 0x00000000cf100000| Untracked 
| 242|0x00000000cf200000, 0x00000000cf200000, 0x00000000cf300000|  0%| F|  |TAMS 0x00000000cf200000, 0x00000000cf200000| Untracked 
| 243|0x00000000cf300000, 0x00000000cf300000, 0x00000000cf400000|  0%| F|  |TAMS 0x00000000cf300000, 0x00000000cf300000| Untracked 
| 244|0x00000000cf400000, 0x00000000cf400000, 0x00000000cf500000|  0%| F|  |TAMS 0x00000000cf400000, 0x00000000cf400000| Untracked 
| 245|0x00000000cf500000, 0x00000000cf500000, 0x00000000cf600000|  0%| F|  |TAMS 0x00000000cf500000, 0x00000000cf500000| Untracked 
| 246|0x00000000cf600000, 0x00000000cf600000, 0x00000000cf700000|  0%| F|  |TAMS 0x00000000cf600000, 0x00000000cf600000| Untracked 
| 247|0x00000000cf700000, 0x00000000cf700000, 0x00000000cf800000|  0%| F|  |TAMS 0x00000000cf700000, 0x00000000cf700000| Untracked 
| 248|0x00000000cf800000, 0x00000000cf800000, 0x00000000cf900000|  0%| F|  |TAMS 0x00000000cf800000, 0x00000000cf800000| Untracked 
| 249|0x00000000cf900000, 0x00000000cf900000, 0x00000000cfa00000|  0%| F|  |TAMS 0x00000000cf900000, 0x00000000cf900000| Untracked 
| 250|0x00000000cfa00000, 0x00000000cfa00000, 0x00000000cfb00000|  0%| F|  |TAMS 0x00000000cfa00000, 0x00000000cfa00000| Untracked 
| 251|0x00000000cfb00000, 0x00000000cfb00800, 0x00000000cfc00000|  0%| E|  |TAMS 0x00000000cfb00000, 0x00000000cfb00000| Complete 
| 252|0x00000000cfc00000, 0x00000000cfd00000, 0x00000000cfd00000|100%| E|CS|TAMS 0x00000000cfc00000, 0x00000000cfc00000| Complete 
| 253|0x00000000cfd00000, 0x00000000cfe00000, 0x00000000cfe00000|100%| E|CS|TAMS 0x00000000cfd00000, 0x00000000cfd00000| Complete 
| 254|0x00000000cfe00000, 0x00000000cff00000, 0x00000000cff00000|100%| E|CS|TAMS 0x00000000cfe00000, 0x00000000cfe00000| Complete 
| 255|0x00000000cff00000, 0x00000000d0000000, 0x00000000d0000000|100%| E|CS|TAMS 0x00000000cff00000, 0x00000000cff00000| Complete 

Card table byte_map: [0x0000020eff750000,0x0000020eff950000] _byte_map_base: 0x0000020eff150000

Marking Bits (Prev, Next): (CMBitMap*) 0x0000020ef5858178, (CMBitMap*) 0x0000020ef58581b0
 Prev Bits: [0x0000020e8f000000, 0x0000020e90000000)
 Next Bits: [0x0000020e90000000, 0x0000020e91000000)

Polling page: 0x0000020ef3f10000

Metaspace:

Usage:
  Non-class:     90.39 MB capacity,    85.48 MB ( 95%) used,     4.63 MB (  5%) free+waste,   285.81 KB ( <1%) overhead. 
      Class:     13.57 MB capacity,    11.23 MB ( 83%) used,     2.20 MB ( 16%) free+waste,   144.00 KB (  1%) overhead. 
       Both:    103.96 MB capacity,    96.72 MB ( 93%) used,     6.83 MB (  7%) free+waste,   429.81 KB ( <1%) overhead. 

Virtual space:
  Non-class space:       92.00 MB reserved,      90.41 MB ( 98%) committed 
      Class space:        1.00 GB reserved,      13.63 MB (  1%) committed 
             Both:        1.09 GB reserved,     104.04 MB (  9%) committed 

Chunk freelists:
   Non-Class:  17.00 KB
       Class:  23.00 KB
        Both:  40.00 KB

MaxMetaspaceSize: 17179869184.00 GB
CompressedClassSpaceSize: 1.00 GB
Initial GC threshold: 20.80 MB
Current GC threshold: 129.85 MB
CDS: off

CodeHeap 'non-profiled nmethods': size=120000Kb used=7890Kb max_used=7890Kb free=112109Kb
 bounds [0x0000020e87ad0000, 0x0000020e88290000, 0x0000020e8f000000]
CodeHeap 'profiled nmethods': size=120000Kb used=26986Kb max_used=26986Kb free=93013Kb
 bounds [0x0000020e805a0000, 0x0000020e82000000, 0x0000020e87ad0000]
CodeHeap 'non-nmethods': size=5760Kb used=1588Kb max_used=1619Kb free=4171Kb
 bounds [0x0000020e80000000, 0x0000020e80270000, 0x0000020e805a0000]
 total_blobs=11629 nmethods=10675 adapters=864
 compilation: enabled
              stopped_count=0, restarted_count=0
 full_count=0

Compilation events (20 events):
Event: 24.495 Thread 0x0000020e93ee2800 10721       3       java.security.KeyFactory::getInstance (16 bytes)
Event: 24.495 Thread 0x0000020e93ee2800 nmethod 10721 0x0000020e81fee190 code [0x0000020e81fee360, 0x0000020e81fee638]
Event: 24.495 Thread 0x0000020e93ee2800 10722       3       java.security.KeyFactory::<init> (73 bytes)
Event: 24.496 Thread 0x0000020e93ee2800 nmethod 10722 0x0000020e81fee790 code [0x0000020e81feeaa0, 0x0000020e81fefc28]
Event: 24.496 Thread 0x0000020e93ee2800 10720       3       sun.security.x509.AlgorithmId::derEncode (115 bytes)
Event: 24.497 Thread 0x0000020e93ee2800 nmethod 10720 0x0000020e81ff0210 code [0x0000020e81ff05a0, 0x0000020e81ff1ea8]
Event: 24.498 Thread 0x0000020e93ee2800 10723   !   3       java.security.KeyFactory::nextSpi (127 bytes)
Event: 24.498 Thread 0x0000020e93f0c800 nmethod 10700% 0x0000020e88283c90 code [0x0000020e88283e40, 0x0000020e88284258]
Event: 24.498 Thread 0x0000020e93f0c800 10725       4       sun.security.util.DerInputStream::readVector (232 bytes)
Event: 24.498 Thread 0x0000020e93ee2800 nmethod 10723 0x0000020e81ff2710 code [0x0000020e81ff2960, 0x0000020e81ff3568]
Event: 24.498 Thread 0x0000020e93ee2800 10726       3       java.security.KeyFactorySpi::<init> (5 bytes)
Event: 24.498 Thread 0x0000020e93ee2800 nmethod 10726 0x0000020e81ff3890 code [0x0000020e81ff3a40, 0x0000020e81ff3b98]
Event: 24.498 Thread 0x0000020e93ee2800 10724   !   3       sun.security.x509.X509CertInfo::verifyCert (103 bytes)
Event: 24.499 Thread 0x0000020e93ee2800 nmethod 10724 0x0000020e81ff3c90 code [0x0000020e81ff3f20, 0x0000020e81ff4988]
Event: 24.499 Thread 0x0000020e93ee2800 10729       3       sun.security.util.ObjectIdentifier::<init> (65 bytes)
Event: 24.499 Thread 0x0000020e93ee2800 nmethod 10729 0x0000020e81ff4e10 code [0x0000020e81ff5060, 0x0000020e81ff5c38]
Event: 24.499 Thread 0x0000020e93ee2800 10728       1       jdk.internal.event.X509CertificateEvent::shouldCommit (2 bytes)
Event: 24.500 Thread 0x0000020e93ee2800 nmethod 10728 0x0000020e88284410 code [0x0000020e882845c0, 0x0000020e88284678]
Event: 24.500 Thread 0x0000020e93ee2800 10727       1       sun.security.x509.AuthorityKeyIdentifierExtension::getName (3 bytes)
Event: 24.500 Thread 0x0000020e93ee2800 nmethod 10727 0x0000020e88284710 code [0x0000020e882848c0, 0x0000020e88284978]

GC Heap History (20 events):
Event: 0.813 GC heap before
{Heap before GC invocations=1 (full 0):
 garbage-first heap   total 262144K, used 16992K [0x00000000c0000000, 0x0000000100000000)
  region size 1024K, 12 young (12288K), 3 survivors (3072K)
 Metaspace       used 14334K, capacity 14531K, committed 14720K, reserved 1062912K
  class space    used 1308K, capacity 1346K, committed 1408K, reserved 1048576K
}
Event: 0.818 GC heap after
{Heap after GC invocations=2 (full 0):
 garbage-first heap   total 262144K, used 9971K [0x00000000c0000000, 0x0000000100000000)
  region size 1024K, 2 young (2048K), 2 survivors (2048K)
 Metaspace       used 14334K, capacity 14531K, committed 14720K, reserved 1062912K
  class space    used 1308K, capacity 1346K, committed 1408K, reserved 1048576K
}
Event: 2.248 GC heap before
{Heap before GC invocations=2 (full 0):
 garbage-first heap   total 262144K, used 35571K [0x00000000c0000000, 0x0000000100000000)
  region size 1024K, 24 young (24576K), 2 survivors (2048K)
 Metaspace       used 19482K, capacity 20382K, committed 20608K, reserved 1067008K
  class space    used 1866K, capacity 2165K, committed 2176K, reserved 1048576K
}
Event: 2.252 GC heap after
{Heap after GC invocations=3 (full 0):
 garbage-first heap   total 262144K, used 16925K [0x00000000c0000000, 0x0000000100000000)
  region size 1024K, 3 young (3072K), 3 survivors (3072K)
 Metaspace       used 19482K, capacity 20382K, committed 20608K, reserved 1067008K
  class space    used 1866K, capacity 2165K, committed 2176K, reserved 1048576K
}
Event: 3.903 GC heap before
{Heap before GC invocations=3 (full 0):
 garbage-first heap   total 262144K, used 33309K [0x00000000c0000000, 0x0000000100000000)
  region size 1024K, 20 young (20480K), 3 survivors (3072K)
 Metaspace       used 20133K, capacity 21174K, committed 21248K, reserved 1069056K
  class space    used 1935K, capacity 2285K, committed 2304K, reserved 1048576K
}
Event: 3.907 GC heap after
{Heap after GC invocations=4 (full 0):
 garbage-first heap   total 262144K, used 21865K [0x00000000c0000000, 0x0000000100000000)
  region size 1024K, 7 young (7168K), 7 survivors (7168K)
 Metaspace       used 20133K, capacity 21174K, committed 21248K, reserved 1069056K
  class space    used 1935K, capacity 2285K, committed 2304K, reserved 1048576K
}
Event: 8.541 GC heap before
{Heap before GC invocations=5 (full 0):
 garbage-first heap   total 262144K, used 66921K [0x00000000c0000000, 0x0000000100000000)
  region size 1024K, 52 young (53248K), 7 survivors (7168K)
 Metaspace       used 33003K, capacity 35497K, committed 35584K, reserved 1081344K
  class space    used 3459K, capacity 4284K, committed 4352K, reserved 1048576K
}
Event: 8.552 GC heap after
{Heap after GC invocations=6 (full 0):
 garbage-first heap   total 262144K, used 18294K [0x00000000c0000000, 0x0000000100000000)
  region size 1024K, 7 young (7168K), 7 survivors (7168K)
 Metaspace       used 33003K, capacity 35497K, committed 35584K, reserved 1081344K
  class space    used 3459K, capacity 4284K, committed 4352K, reserved 1048576K
}
Event: 13.810 GC heap before
{Heap before GC invocations=7 (full 0):
 garbage-first heap   total 262144K, used 103286K [0x00000000c0000000, 0x0000000100000000)
  region size 1024K, 85 young (87040K), 7 survivors (7168K)
 Metaspace       used 50873K, capacity 55116K, committed 55168K, reserved 1097728K
  class space    used 5605K, capacity 6992K, committed 7040K, reserved 1048576K
}
Event: 13.824 GC heap after
{Heap after GC invocations=8 (full 0):
 garbage-first heap   total 262144K, used 35919K [0x00000000c0000000, 0x0000000100000000)
  region size 1024K, 11 young (11264K), 11 survivors (11264K)
 Metaspace       used 50873K, capacity 55116K, committed 55168K, reserved 1097728K
  class space    used 5605K, capacity 6992K, committed 7040K, reserved 1048576K
}
Event: 14.294 GC heap before
{Heap before GC invocations=8 (full 0):
 garbage-first heap   total 262144K, used 61519K [0x00000000c0000000, 0x0000000100000000)
  region size 1024K, 37 young (37888K), 11 survivors (11264K)
 Metaspace       used 55161K, capacity 59588K, committed 59648K, reserved 1101824K
  class space    used 6120K, capacity 7637K, committed 7680K, reserved 1048576K
}
Event: 14.307 GC heap after
{Heap after GC invocations=9 (full 0):
 garbage-first heap   total 262144K, used 39800K [0x00000000c0000000, 0x0000000100000000)
  region size 1024K, 4 young (4096K), 4 survivors (4096K)
 Metaspace       used 55161K, capacity 59588K, committed 59648K, reserved 1101824K
  class space    used 6120K, capacity 7637K, committed 7680K, reserved 1048576K
}
Event: 17.166 GC heap before
{Heap before GC invocations=10 (full 0):
 garbage-first heap   total 262144K, used 128888K [0x00000000c0000000, 0x0000000100000000)
  region size 1024K, 91 young (93184K), 4 survivors (4096K)
 Metaspace       used 73207K, capacity 79601K, committed 79780K, reserved 1118208K
  class space    used 8336K, capacity 10383K, committed 10496K, reserved 1048576K
}
Event: 17.181 GC heap after
{Heap after GC invocations=11 (full 0):
 garbage-first heap   total 262144K, used 45217K [0x00000000c0000000, 0x0000000100000000)
  region size 1024K, 12 young (12288K), 12 survivors (12288K)
 Metaspace       used 73207K, capacity 79601K, committed 79780K, reserved 1118208K
  class space    used 8336K, capacity 10383K, committed 10496K, reserved 1048576K
}
Event: 19.196 GC heap before
{Heap before GC invocations=12 (full 0):
 garbage-first heap   total 262144K, used 144545K [0x00000000c0000000, 0x0000000100000000)
  region size 1024K, 109 young (111616K), 12 survivors (12288K)
 Metaspace       used 83276K, capacity 90132K, committed 90148K, reserved 1128448K
  class space    used 9641K, capacity 11889K, committed 11904K, reserved 1048576K
}
Event: 19.215 GC heap after
{Heap after GC invocations=13 (full 0):
 garbage-first heap   total 262144K, used 53606K [0x00000000c0000000, 0x0000000100000000)
  region size 1024K, 10 young (10240K), 10 survivors (10240K)
 Metaspace       used 83276K, capacity 90132K, committed 90148K, reserved 1128448K
  class space    used 9641K, capacity 11889K, committed 11904K, reserved 1048576K
}
Event: 20.214 GC heap before
{Heap before GC invocations=13 (full 0):
 garbage-first heap   total 262144K, used 163174K [0x00000000c0000000, 0x0000000100000000)
  region size 1024K, 117 young (119808K), 10 survivors (10240K)
 Metaspace       used 87184K, capacity 93970K, committed 94116K, reserved 1130496K
  class space    used 10057K, capacity 12285K, committed 12288K, reserved 1048576K
}
Event: 20.228 GC heap after
{Heap after GC invocations=14 (full 0):
 garbage-first heap   total 262144K, used 63301K [0x00000000c0000000, 0x0000000100000000)
  region size 1024K, 10 young (10240K), 10 survivors (10240K)
 Metaspace       used 87184K, capacity 93970K, committed 94116K, reserved 1130496K
  class space    used 10057K, capacity 12285K, committed 12288K, reserved 1048576K
}
Event: 24.469 GC heap before
{Heap before GC invocations=14 (full 0):
 garbage-first heap   total 262144K, used 182085K [0x00000000c0000000, 0x0000000100000000)
  region size 1024K, 122 young (124928K), 10 survivors (10240K)
 Metaspace       used 98897K, capacity 106326K, committed 106532K, reserved 1142784K
  class space    used 11487K, capacity 13896K, committed 13952K, reserved 1048576K
}
Event: 24.488 GC heap after
{Heap after GC invocations=15 (full 0):
 garbage-first heap   total 262144K, used 78655K [0x00000000c0000000, 0x0000000100000000)
  region size 1024K, 11 young (11264K), 11 survivors (11264K)
 Metaspace       used 98897K, capacity 106326K, committed 106532K, reserved 1142784K
  class space    used 11487K, capacity 13896K, committed 13952K, reserved 1048576K
}

Deoptimization events (20 events):
Event: 24.402 Thread 0x0000020e9e72f800 DEOPT PACKING pc=0x0000020e8803f194 sp=0x00000072e7ffdc80
Event: 24.402 Thread 0x0000020e9e72f800 DEOPT UNPACKING pc=0x0000020e800085af sp=0x00000072e7ffdc18 mode 2
Event: 24.402 Thread 0x0000020e9e72f800 Uncommon trap: trap_request=0xffffffde fr.pc=0x0000020e8803f194 relative=0x00000000000000d4
Event: 24.402 Thread 0x0000020e9e72f800 Uncommon trap: reason=class_check action=maybe_recompile pc=0x0000020e8803f194 method=java.lang.Character.toLowerCase(I)I @ 5 c2
Event: 24.402 Thread 0x0000020e9e72f800 DEOPT PACKING pc=0x0000020e8803f194 sp=0x00000072e7ffdc80
Event: 24.402 Thread 0x0000020e9e72f800 DEOPT UNPACKING pc=0x0000020e800085af sp=0x00000072e7ffdc18 mode 2
Event: 24.412 Thread 0x0000020e9e72f800 Uncommon trap: trap_request=0xffffff4d fr.pc=0x0000020e8827e82c relative=0x000000000000008c
Event: 24.412 Thread 0x0000020e9e72f800 Uncommon trap: reason=unstable_if action=reinterpret pc=0x0000020e8827e82c method=sun.security.util.DerValue.isPrintableStringChar(C)Z @ 39 c2
Event: 24.412 Thread 0x0000020e9e72f800 DEOPT PACKING pc=0x0000020e8827e82c sp=0x00000072e7ffde50
Event: 24.412 Thread 0x0000020e9e72f800 DEOPT UNPACKING pc=0x0000020e800085af sp=0x00000072e7ffddd8 mode 2
Event: 24.454 Thread 0x0000020e9e72f800 Uncommon trap: trap_request=0xffffff4d fr.pc=0x0000020e87c6f2c8 relative=0x0000000000000508
Event: 24.454 Thread 0x0000020e9e72f800 Uncommon trap: reason=unstable_if action=reinterpret pc=0x0000020e87c6f2c8 method=java.util.ArrayList.toArray([Ljava/lang/Object;)[Ljava/lang/Object; @ 45 c2
Event: 24.454 Thread 0x0000020e9e72f800 DEOPT PACKING pc=0x0000020e87c6f2c8 sp=0x00000072e7ffe020
Event: 24.454 Thread 0x0000020e9e72f800 DEOPT UNPACKING pc=0x0000020e800085af sp=0x00000072e7ffe028 mode 2
Event: 24.458 Thread 0x0000020e9e72f800 Uncommon trap: trap_request=0xffffff4d fr.pc=0x0000020e87c1a810 relative=0x0000000000000790
Event: 24.458 Thread 0x0000020e9e72f800 Uncommon trap: reason=unstable_if action=reinterpret pc=0x0000020e87c1a810 method=java.io.BufferedInputStream.read([BII)I @ 31 c2
Event: 24.458 Thread 0x0000020e9e72f800 DEOPT PACKING pc=0x0000020e87c1a810 sp=0x00000072e7ffbab0
Event: 24.458 Thread 0x0000020e9e72f800 DEOPT UNPACKING pc=0x0000020e800085af sp=0x00000072e7ffba88 mode 2
Event: 24.505 Thread 0x0000020e9e72f800 DEOPT PACKING pc=0x0000020e80622929 sp=0x00000072e7ffde20
Event: 24.505 Thread 0x0000020e9e72f800 DEOPT UNPACKING pc=0x0000020e80049d0e sp=0x00000072e7ffd2a0 mode 0

Classes redefined (0 events):
No events

Internal exceptions (20 events):
Event: 21.058 Thread 0x0000020e9e72e000 Exception <a 'sun/nio/fs/WindowsException'{0x00000000ce687f50}> (0x00000000ce687f50) thrown at [./src/hotspot/share/prims/jni.cpp, line 617]
Event: 21.060 Thread 0x0000020e9e72e000 Exception <a 'sun/nio/fs/WindowsException'{0x00000000ce69aa70}> (0x00000000ce69aa70) thrown at [./src/hotspot/share/prims/jni.cpp, line 617]
Event: 21.063 Thread 0x0000020e9e72e000 Exception <a 'sun/nio/fs/WindowsException'{0x00000000ce6ae1b8}> (0x00000000ce6ae1b8) thrown at [./src/hotspot/share/prims/jni.cpp, line 617]
Event: 21.068 Thread 0x0000020e9e72e000 Exception <a 'sun/nio/fs/WindowsException'{0x00000000ce6c1908}> (0x00000000ce6c1908) thrown at [./src/hotspot/share/prims/jni.cpp, line 617]
Event: 21.070 Thread 0x0000020e9e72e000 Exception <a 'sun/nio/fs/WindowsException'{0x00000000cd8d0830}> (0x00000000cd8d0830) thrown at [./src/hotspot/share/prims/jni.cpp, line 617]
Event: 21.073 Thread 0x0000020e9e72e000 Exception <a 'sun/nio/fs/WindowsException'{0x00000000cd8e47c8}> (0x00000000cd8e47c8) thrown at [./src/hotspot/share/prims/jni.cpp, line 617]
Event: 21.077 Thread 0x0000020e9e72e000 Exception <a 'sun/nio/fs/WindowsException'{0x00000000cd8f8e88}> (0x00000000cd8f8e88) thrown at [./src/hotspot/share/prims/jni.cpp, line 617]
Event: 21.080 Thread 0x0000020e9e72e000 Exception <a 'sun/nio/fs/WindowsException'{0x00000000cd60d780}> (0x00000000cd60d780) thrown at [./src/hotspot/share/prims/jni.cpp, line 617]
Event: 21.369 Thread 0x0000020e9e72f800 Exception <a 'java/lang/NoSuchMethodError'{0x00000000cd3fa670}: 'java.lang.Object java.lang.invoke.DirectMethodHandle$Holder.invokeStatic(java.lang.Object, java.lang.Object, java.lang.Object, java.lang.Object, java.lang.Object, java.lang.Object, java.lang.Object, java.lang.Object, int)'> (0x00000000cd3fa670) thrown at [./src/hotspot/share/interpreter/linkResolver.cpp, line 773]
Event: 21.370 Thread 0x0000020e9e72f800 Exception <a 'java/lang/NoSuchMethodError'{0x00000000cd214ae8}: 'java.lang.Object java.lang.invoke.DirectMethodHandle$Holder.invokeStatic(java.lang.Object, java.lang.Object, java.lang.Object, java.lang.Object, java.lang.Object, java.lang.Object, java.lang.Object, java.lang.Object, int, int)'> (0x00000000cd214ae8) thrown at [./src/hotspot/share/interpreter/linkResolver.cpp, line 773]
Event: 21.579 Thread 0x0000020e9a29c800 Exception <a 'java/lang/NoSuchMethodError'{0x00000000cd138750}: 'java.lang.Object java.lang.invoke.DirectMethodHandle$Holder.invokeStatic(java.lang.Object, int, java.lang.Object, java.lang.Object, java.lang.Object, java.lang.Object)'> (0x00000000cd138750) thrown at [./src/hotspot/share/interpreter/linkResolver.cpp, line 773]
Event: 21.580 Thread 0x0000020e9a29c800 Exception <a 'java/lang/NoSuchMethodError'{0x00000000cd13f630}: 'java.lang.Object java.lang.invoke.DirectMethodHandle$Holder.invokeStatic(java.lang.Object, int, java.lang.Object, java.lang.Object, java.lang.Object)'> (0x00000000cd13f630) thrown at [./src/hotspot/share/interpreter/linkResolver.cpp, line 773]
Event: 21.580 Thread 0x0000020e9a29c800 Exception <a 'java/lang/NoSuchMethodError'{0x00000000cd143078}: 'java.lang.Object java.lang.invoke.DirectMethodHandle$Holder.invokeSpecial(java.lang.Object, java.lang.Object, int, java.lang.Object, java.lang.Object, java.lang.Object)'> (0x00000000cd143078) thrown at [./src/hotspot/share/interpreter/linkResolver.cpp, line 773]
Event: 21.669 Thread 0x0000020e9a29c800 Exception <a 'java/lang/ClassNotFoundException'{0x00000000cd08f4d0}: com/sun/swing/internal/plaf/metal/resources/spi/metalProvider> (0x00000000cd08f4d0) thrown at [./src/hotspot/share/classfile/systemDictionary.cpp, line 230]
Event: 21.672 Thread 0x0000020e9a29c800 Exception <a 'java/lang/ClassNotFoundException'{0x00000000cd093d50}: com/sun/swing/internal/plaf/basic/resources/spi/basicProvider> (0x00000000cd093d50) thrown at [./src/hotspot/share/classfile/systemDictionary.cpp, line 230]
Event: 21.697 Thread 0x0000020e9a29c800 Exception <a 'java/lang/NoSuchMethodError'{0x00000000cd0eae58}: 'java.lang.Object java.lang.invoke.DirectMethodHandle$Holder.invokeStatic(java.lang.Object, java.lang.Object, java.lang.Object, java.lang.Object, java.lang.Object, java.lang.Object, java.lang.Object, java.lang.Object, java.lang.Object, java.lang.Object, java.lang.Object, java.lang.Object, java.lang.Object, int)'> (0x00000000cd0eae58) thrown at [./src/hotspot/share/interpreter/linkResolver.cpp, line 773]
Event: 21.700 Thread 0x0000020e9a29c800 Exception <a 'java/lang/NoSuchMethodError'{0x00000000cd0f75a8}: 'java.lang.Object java.lang.invoke.DirectMethodHandle$Holder.invokeStatic(java.lang.Object, java.lang.Object, java.lang.Object, java.lang.Object, java.lang.Object, java.lang.Object, java.lang.Object, java.lang.Object, java.lang.Object, java.lang.Object, java.lang.Object, java.lang.Object, java.lang.Object, int, int)'> (0x00000000cd0f75a8) thrown at [./src/hotspot/share/interpreter/linkResolver.cpp, line 773]
Event: 21.713 Thread 0x0000020e9a29c800 Exception <a 'java/lang/ClassNotFoundException'{0x00000000ccf4b120}: com/sun/java/swing/plaf/windows/resources/spi/windowsProvider> (0x00000000ccf4b120) thrown at [./src/hotspot/share/classfile/systemDictionary.cpp, line 230]
Event: 22.265 Thread 0x0000020e9e734800 Exception <a 'java/lang/NoSuchMethodError'{0x00000000cf02d800}: 'void java.lang.invoke.DirectMethodHandle$Holder.invokeStatic(java.lang.Object, int, java.lang.Object)'> (0x00000000cf02d800) thrown at [./src/hotspot/share/interpreter/linkResolver.cpp, line 773]
Event: 22.713 Thread 0x0000020e9e72f800 Exception <a 'sun/nio/fs/WindowsException'{0x00000000cbed3808}> (0x00000000cbed3808) thrown at [./src/hotspot/share/prims/jni.cpp, line 617]

Events (20 events):
Event: 24.505 loading class sun/security/rsa/MGF1
Event: 24.506 loading class sun/security/rsa/MGF1 done
Event: 24.506 loading class sun/security/ssl/Finished$FinishedMessage
Event: 24.507 loading class sun/security/ssl/Finished$FinishedMessage done
Event: 24.507 loading class sun/security/ssl/Finished$VerifyDataScheme
Event: 24.507 loading class sun/security/ssl/Finished$VerifyDataScheme done
Event: 24.507 loading class sun/security/ssl/Finished$S30VerifyDataGenerator
Event: 24.507 loading class sun/security/ssl/Finished$VerifyDataGenerator
Event: 24.507 loading class sun/security/ssl/Finished$VerifyDataGenerator done
Event: 24.507 loading class sun/security/ssl/Finished$S30VerifyDataGenerator done
Event: 24.507 loading class sun/security/ssl/Finished$T10VerifyDataGenerator
Event: 24.508 loading class sun/security/ssl/Finished$T10VerifyDataGenerator done
Event: 24.508 loading class sun/security/ssl/Finished$T12VerifyDataGenerator
Event: 24.508 loading class sun/security/ssl/Finished$T12VerifyDataGenerator done
Event: 24.508 loading class sun/security/ssl/Finished$T13VerifyDataGenerator
Event: 24.509 loading class sun/security/ssl/Finished$T13VerifyDataGenerator done
Event: 24.509 loading class sun/security/ssl/Finished$1
Event: 24.509 loading class sun/security/ssl/Finished$1 done
Event: 24.509 loading class sun/security/ssl/SSLBasicKeyDerivation
Event: 24.509 loading class sun/security/ssl/SSLBasicKeyDerivation done


Dynamic libraries:
0x00007ff73b440000 - 0x00007ff73b4c4000 	D:\STM32CubeIDE\STM32CubeIDE_1.9.0\STM32CubeIDE\stm32cubeide.exe
0x00007ffd83bb0000 - 0x00007ffd83da8000 	C:\WINDOWS\SYSTEM32\ntdll.dll
0x00007ffd82f30000 - 0x00007ffd82fed000 	C:\WINDOWS\System32\KERNEL32.DLL
0x00007ffd81530000 - 0x00007ffd817fe000 	C:\WINDOWS\System32\KERNELBASE.dll
0x00007ffd82ae0000 - 0x00007ffd82c80000 	C:\WINDOWS\System32\USER32.dll
0x00007ffd812d0000 - 0x00007ffd812f2000 	C:\WINDOWS\System32\win32u.dll
0x00007ffd81e90000 - 0x00007ffd81eba000 	C:\WINDOWS\System32\GDI32.dll
0x00007ffd81920000 - 0x00007ffd81a2b000 	C:\WINDOWS\System32\gdi32full.dll
0x00007ffd81490000 - 0x00007ffd8152d000 	C:\WINDOWS\System32\msvcp_win.dll
0x00007ffd81a30000 - 0x00007ffd81b30000 	C:\WINDOWS\System32\ucrtbase.dll
0x00007ffd6c150000 - 0x00007ffd6c3ea000 	C:\WINDOWS\WinSxS\amd64_microsoft.windows.common-controls_6595b64144ccf1df_6.0.19041.1110_none_60b5254171f9507e\COMCTL32.dll
0x00007ffd835d0000 - 0x00007ffd8366e000 	C:\WINDOWS\System32\msvcrt.dll
0x00007ffd82c80000 - 0x00007ffd82cb0000 	C:\WINDOWS\System32\IMM32.DLL
0x00007ffd6c7f0000 - 0x00007ffd6c82e000 	D:\STM32CubeIDE\STM32CubeIDE_1.9.0\STM32CubeIDE\plugins\org.eclipse.equinox.launcher.win32.win32.x86_64_1.2.400.v20211117-0650\eclipse_11602.dll
0x00007ffd82ff0000 - 0x00007ffd8309e000 	C:\WINDOWS\System32\ADVAPI32.dll
0x00007ffd81df0000 - 0x00007ffd81e8c000 	C:\WINDOWS\System32\sechost.dll
0x00007ffd829b0000 - 0x00007ffd82ad5000 	C:\WINDOWS\System32\RPCRT4.dll
0x00007ffd81f20000 - 0x00007ffd8204a000 	C:\WINDOWS\System32\ole32.dll
0x00007ffd83270000 - 0x00007ffd835c4000 	C:\WINDOWS\System32\combase.dll
0x00007ffd71250000 - 0x00007ffd7125a000 	C:\WINDOWS\SYSTEM32\VERSION.dll
0x00007ffd2f470000 - 0x00007ffd2fff2000 	D:\STM32CubeIDE\STM32CubeIDE_1.9.0\STM32CubeIDE\plugins\com.st.stm32cube.ide.jre.win64_2.4.100.202301160955\jre\bin\server\jvm.dll
0x00007ffd83ae0000 - 0x00007ffd83ae8000 	C:\WINDOWS\System32\PSAPI.DLL
0x00007ffd62f30000 - 0x00007ffd62f39000 	C:\WINDOWS\SYSTEM32\WSOCK32.dll
0x00007ffd6c3f0000 - 0x00007ffd6c417000 	C:\WINDOWS\SYSTEM32\WINMM.dll
0x00007ffd82eb0000 - 0x00007ffd82f1b000 	C:\WINDOWS\System32\WS2_32.dll
0x00007ffd6a450000 - 0x00007ffd6a46b000 	C:\WINDOWS\SYSTEM32\VCRUNTIME140.dll
0x00007ffd78a20000 - 0x00007ffd78a30000 	D:\STM32CubeIDE\STM32CubeIDE_1.9.0\STM32CubeIDE\plugins\com.st.stm32cube.ide.jre.win64_2.4.100.202301160955\jre\bin\verify.dll
0x00007ffd7ef10000 - 0x00007ffd7f0f4000 	C:\WINDOWS\SYSTEM32\DBGHELP.DLL
0x00007ffd69460000 - 0x00007ffd6948c000 	C:\WINDOWS\SYSTEM32\dbgcore.DLL
0x00007ffd81b80000 - 0x00007ffd81c02000 	C:\WINDOWS\System32\bcryptPrimitives.dll
0x00007ffd6ca50000 - 0x00007ffd6ca78000 	D:\STM32CubeIDE\STM32CubeIDE_1.9.0\STM32CubeIDE\plugins\com.st.stm32cube.ide.jre.win64_2.4.100.202301160955\jre\bin\java.dll
0x00007ffd777e0000 - 0x00007ffd777ea000 	D:\STM32CubeIDE\STM32CubeIDE_1.9.0\STM32CubeIDE\plugins\com.st.stm32cube.ide.jre.win64_2.4.100.202301160955\jre\bin\jimage.dll
0x00007ffd6d550000 - 0x00007ffd6d568000 	D:\STM32CubeIDE\STM32CubeIDE_1.9.0\STM32CubeIDE\plugins\com.st.stm32cube.ide.jre.win64_2.4.100.202301160955\jre\bin\zip.dll
0x00007ffd7f3b0000 - 0x00007ffd7f3c2000 	C:\WINDOWS\SYSTEM32\kernel.appcore.dll
0x00007ffd82050000 - 0x00007ffd82794000 	C:\WINDOWS\System32\SHELL32.dll
0x00007ffd7f3d0000 - 0x00007ffd7fb64000 	C:\WINDOWS\SYSTEM32\windows.storage.dll
0x00007ffd80d30000 - 0x00007ffd80d60000 	C:\WINDOWS\SYSTEM32\Wldp.dll
0x00007ffd82de0000 - 0x00007ffd82e8d000 	C:\WINDOWS\System32\SHCORE.dll
0x00007ffd81ec0000 - 0x00007ffd81f15000 	C:\WINDOWS\System32\shlwapi.dll
0x00007ffd81210000 - 0x00007ffd8122f000 	C:\WINDOWS\SYSTEM32\profapi.dll
0x00007ffd649c0000 - 0x00007ffd649d9000 	D:\STM32CubeIDE\STM32CubeIDE_1.9.0\STM32CubeIDE\plugins\com.st.stm32cube.ide.jre.win64_2.4.100.202301160955\jre\bin\net.dll
0x00007ffd7a050000 - 0x00007ffd7a15a000 	C:\WINDOWS\SYSTEM32\WINHTTP.dll
0x00007ffd80a90000 - 0x00007ffd80afa000 	C:\WINDOWS\system32\mswsock.dll
0x00007ffd649a0000 - 0x00007ffd649b3000 	D:\STM32CubeIDE\STM32CubeIDE_1.9.0\STM32CubeIDE\plugins\com.st.stm32cube.ide.jre.win64_2.4.100.202301160955\jre\bin\nio.dll
0x00007ffd7adc0000 - 0x00007ffd7ae5e000 	C:\WINDOWS\system32\uxtheme.dll
0x00007ffd83150000 - 0x00007ffd83265000 	C:\WINDOWS\System32\MSCTF.dll
0x00007ffd82d10000 - 0x00007ffd82ddd000 	C:\WINDOWS\System32\OLEAUT32.dll
0x00007ffd830a0000 - 0x00007ffd83149000 	C:\WINDOWS\System32\clbcatq.dll
0x00007ffd81300000 - 0x00007ffd81327000 	C:\WINDOWS\System32\bcrypt.dll
0x00007ffd5c9f0000 - 0x00007ffd5cae9000 	C:\WINDOWS\SYSTEM32\textinputframework.dll
0x00007ffd78a30000 - 0x00007ffd78d8e000 	C:\WINDOWS\System32\CoreUIComponents.dll
0x00007ffd797c0000 - 0x00007ffd798b2000 	C:\WINDOWS\System32\CoreMessaging.dll
0x00007ffd80160000 - 0x00007ffd80193000 	C:\WINDOWS\SYSTEM32\ntmarta.dll
0x00007ffd7a290000 - 0x00007ffd7a3e4000 	C:\WINDOWS\SYSTEM32\wintypes.dll
0x00007ffd80c80000 - 0x00007ffd80c98000 	C:\WINDOWS\SYSTEM32\CRYPTSP.dll
0x00007ffd803a0000 - 0x00007ffd803d4000 	C:\WINDOWS\system32\rsaenh.dll
0x00007ffd811d0000 - 0x00007ffd811fe000 	C:\WINDOWS\SYSTEM32\USERENV.dll
0x00007ffd80ca0000 - 0x00007ffd80cac000 	C:\WINDOWS\SYSTEM32\CRYPTBASE.dll
0x00007ffd80730000 - 0x00007ffd8076b000 	C:\WINDOWS\SYSTEM32\IPHLPAPI.DLL
0x00007ffd81de0000 - 0x00007ffd81de8000 	C:\WINDOWS\System32\NSI.dll
0x00007ffd750d0000 - 0x00007ffd750e7000 	C:\WINDOWS\SYSTEM32\dhcpcsvc6.DLL
0x00007ffd75850000 - 0x00007ffd7586d000 	C:\WINDOWS\SYSTEM32\dhcpcsvc.DLL
0x00007ffd80770000 - 0x00007ffd8083a000 	C:\WINDOWS\SYSTEM32\DNSAPI.dll
0x00007ffd46a90000 - 0x00007ffd46b4e000 	D:\STM32CubeIDE\STM32CubeIDE_1.9.0\STM32CubeIDE\configuration\org.eclipse.osgi\620\0\.cp\swt-win32-4950r5.dll
0x00007ffd81c70000 - 0x00007ffd81d4a000 	C:\WINDOWS\System32\COMDLG32.dll
0x00007ffd6c0d0000 - 0x00007ffd6c136000 	C:\WINDOWS\SYSTEM32\OLEACC.dll
0x00007ffd5da40000 - 0x00007ffd5da59000 	C:\WINDOWS\SYSTEM32\USP10.dll
0x00007ffd656f0000 - 0x00007ffd65bc6000 	C:\WINDOWS\SYSTEM32\WININET.dll
0x00007ffd7a5b0000 - 0x00007ffd7a6a6000 	C:\WINDOWS\SYSTEM32\PROPSYS.dll
0x00007ffd6c030000 - 0x00007ffd6c0c8000 	C:\WINDOWS\SYSTEM32\WINSPOOL.DRV
0x00007ffd694c0000 - 0x00007ffd696ac000 	C:\WINDOWS\SYSTEM32\urlmon.dll
0x00007ffd6c140000 - 0x00007ffd6c147000 	C:\WINDOWS\SYSTEM32\MSIMG32.dll
0x00007ffd7afb0000 - 0x00007ffd7afdf000 	C:\WINDOWS\SYSTEM32\dwmapi.dll
0x00007ffd69490000 - 0x00007ffd694b8000 	C:\WINDOWS\SYSTEM32\srvcli.dll
0x00007ffd80840000 - 0x00007ffd8084c000 	C:\WINDOWS\SYSTEM32\netutils.dll
0x00007ffd6aa40000 - 0x00007ffd6acf1000 	C:\WINDOWS\SYSTEM32\iertutil.dll
0x00007ffd503c0000 - 0x00007ffd5053e000 	C:\Windows\System32\TaskFlowDataEngine.dll
0x00007ffd68210000 - 0x00007ffd686db000 	C:\Windows\System32\cdp.dll
0x00007ffd81330000 - 0x00007ffd81486000 	C:\WINDOWS\System32\CRYPT32.dll
0x00007ffd81b30000 - 0x00007ffd81b7e000 	C:\WINDOWS\System32\cfgmgr32.dll
0x00007ffd80710000 - 0x00007ffd80722000 	C:\Windows\System32\UMPDC.dll
0x00007ffd77990000 - 0x00007ffd77acd000 	C:\Windows\System32\dsreg.dll
0x00007ffd80430000 - 0x00007ffd804ba000 	C:\Windows\System32\msvcp110_win.dll
0x00007ffd64550000 - 0x00007ffd645cd000 	C:\Windows\System32\OneCoreCommonProxyStub.dll
0x00007ffd5da10000 - 0x00007ffd5da38000 	D:\STM32CubeIDE\STM32CubeIDE_1.9.0\STM32CubeIDE\configuration\org.eclipse.osgi\620\0\.cp\swt-gdip-win32-4950r5.dll
0x00007ffd6c420000 - 0x00007ffd6c5c5000 	C:\WINDOWS\WinSxS\amd64_microsoft.windows.gdiplus_6595b64144ccf1df_1.1.19041.1706_none_919e8e54cc8d4ca1\gdiplus.dll
0x00007ffd74b20000 - 0x00007ffd74cd4000 	C:\WINDOWS\SYSTEM32\WindowsCodecs.dll
0x0000000180000000 - 0x0000000180012000 	D:\STM32CubeIDE\STM32CubeIDE_1.9.0\STM32CubeIDE\configuration\org.eclipse.osgi\209\0\.cp\os\win32\x86_64\localfile_1_0_0.dll
0x00007ffd64790000 - 0x00007ffd6483c000 	C:\WINDOWS\SYSTEM32\TextShaping.dll
0x00007ffd76940000 - 0x00007ffd76949000 	D:\STM32CubeIDE\STM32CubeIDE_1.9.0\STM32CubeIDE\plugins\com.st.stm32cube.ide.jre.win64_2.4.100.202301160955\jre\bin\management.dll
0x00007ffd6cd60000 - 0x00007ffd6cd6b000 	D:\STM32CubeIDE\STM32CubeIDE_1.9.0\STM32CubeIDE\plugins\com.st.stm32cube.ide.jre.win64_2.4.100.202301160955\jre\bin\management_ext.dll
0x00007ffd52410000 - 0x00007ffd52427000 	C:\WINDOWS\system32\napinsp.dll
0x00007ffd0efc0000 - 0x00007ffd0efdb000 	C:\WINDOWS\system32\pnrpnsp.dll
0x00007ffd7a270000 - 0x00007ffd7a285000 	C:\WINDOWS\system32\wshbth.dll
0x00007ffd7a020000 - 0x00007ffd7a03d000 	C:\WINDOWS\system32\NLAapi.dll
0x00007ffd0efa0000 - 0x00007ffd0efb2000 	C:\WINDOWS\System32\winrnr.dll
0x00000000749a0000 - 0x00000000749c6000 	C:\Program Files\Bonjour\mdnsNSP.dll
0x00007ffd76a50000 - 0x00007ffd76a5a000 	C:\Windows\System32\rasadhlp.dll
0x00007ffd749b0000 - 0x00007ffd74a30000 	C:\WINDOWS\System32\fwpuclnt.dll
0x00007ffd57170000 - 0x00007ffd57181000 	D:\STM32CubeIDE\STM32CubeIDE_1.9.0\STM32CubeIDE\configuration\org.eclipse.osgi\212\0\.cp\jWinHttp-1.0.0.dll
0x00007ffd57c80000 - 0x00007ffd57cbe000 	C:\WINDOWS\system32\dataexchange.dll
0x00007ffd784f0000 - 0x00007ffd78753000 	C:\WINDOWS\system32\d3d11.dll
0x00007ffd78760000 - 0x00007ffd78944000 	C:\WINDOWS\system32\dcomp.dll
0x00007ffd7fbd0000 - 0x00007ffd7fcc3000 	C:\WINDOWS\system32\dxgi.dll
0x00007ffd75cc0000 - 0x00007ffd75ec0000 	C:\WINDOWS\system32\twinapi.appcore.dll
0x00007ffd45b10000 - 0x00007ffd45b52000 	C:\WINDOWS\system32\mlang.dll
0x00007ffd55b70000 - 0x00007ffd55def000 	C:\WINDOWS\SYSTEM32\DWrite.dll
0x00007ffd54410000 - 0x00007ffd54630000 	C:\WINDOWS\system32\explorerframe.dll
0x00007ffd336c0000 - 0x00007ffd3385a000 	D:\STM32CubeIDE\STM32CubeIDE_1.9.0\STM32CubeIDE\plugins\com.st.stm32cube.ide.jre.win64_2.4.100.202301160955\jre\bin\awt.dll
0x00007ffd5b2d0000 - 0x00007ffd5b35e000 	C:\WINDOWS\SYSTEM32\MSVCP140.dll
0x00007ffd778a0000 - 0x00007ffd778ac000 	C:\WINDOWS\SYSTEM32\VCRUNTIME140_1.dll
0x00007ffd79490000 - 0x00007ffd79520000 	C:\WINDOWS\SYSTEM32\apphelp.dll
0x00000000744b0000 - 0x0000000074504000 	D:\STM32CubeIDE\STM32CubeIDE_1.9.0\STM32CubeIDE\plugins\org.eclipse.cdt.core.win32.x86_64_6.0.502.202205170638\os\win32\x86_64\spawner.dll
0x00007ffd56390000 - 0x00007ffd563b4000 	C:\WINDOWS\SYSTEM32\edputil.dll
0x00007ffd6bda0000 - 0x00007ffd6bdae000 	D:\STM32CubeIDE\STM32CubeIDE_1.9.0\STM32CubeIDE\plugins\com.st.stm32cube.ide.jre.win64_2.4.100.202301160955\jre\bin\sunmscapi.dll
0x00007ffd80da0000 - 0x00007ffd80dc7000 	C:\WINDOWS\SYSTEM32\ncrypt.dll
0x00007ffd80d60000 - 0x00007ffd80d9b000 	C:\WINDOWS\SYSTEM32\NTASN1.dll
0x00007ffd57140000 - 0x00007ffd57165000 	D:\STM32CubeIDE\STM32CubeIDE_1.9.0\STM32CubeIDE\plugins\com.st.stm32cube.ide.jre.win64_2.4.100.202301160955\jre\bin\sunec.dll
0x00007ffd80ec0000 - 0x00007ffd80ed2000 	C:\WINDOWS\System32\MSASN1.dll
0x00007ffd7fb80000 - 0x00007ffd7fba3000 	C:\WINDOWS\SYSTEM32\gpapi.dll
0x00007ffd59250000 - 0x00007ffd592ac000 	C:\WINDOWS\system32\ncryptprov.dll

dbghelp: loaded successfully - version: 4.0.5 - missing functions: none
symbol engine: initialized successfully - sym options: 0x614 - pdb path: .;D:\STM32CubeIDE\STM32CubeIDE_1.9.0\STM32CubeIDE;C:\WINDOWS\SYSTEM32;C:\WINDOWS\WinSxS\amd64_microsoft.windows.common-controls_6595b64144ccf1df_6.0.19041.1110_none_60b5254171f9507e;D:\STM32CubeIDE\STM32CubeIDE_1.9.0\STM32CubeIDE\plugins\org.eclipse.equinox.launcher.win32.win32.x86_64_1.2.400.v20211117-0650;D:\STM32CubeIDE\STM32CubeIDE_1.9.0\STM32CubeIDE\plugins\com.st.stm32cube.ide.jre.win64_2.4.100.202301160955\jre\bin\server;D:\STM32CubeIDE\STM32CubeIDE_1.9.0\STM32CubeIDE\plugins\com.st.stm32cube.ide.jre.win64_2.4.100.202301160955\jre\bin;D:\STM32CubeIDE\STM32CubeIDE_1.9.0\STM32CubeIDE\configuration\org.eclipse.osgi\620\0\.cp;C:\WINDOWS\WinSxS\amd64_microsoft.windows.gdiplus_6595b64144ccf1df_1.1.19041.1706_none_919e8e54cc8d4ca1;D:\STM32CubeIDE\STM32CubeIDE_1.9.0\STM32CubeIDE\configuration\org.eclipse.osgi\209\0\.cp\os\win32\x86_64;C:\Program Files\Bonjour;D:\STM32CubeIDE\STM32CubeIDE_1.9.0\STM32CubeIDE\configuration\org.eclipse.osgi\212\0\.cp;D:\STM32CubeIDE\STM32CubeIDE_1.9.0\STM32CubeIDE\plugins\org.eclipse.cdt.core.win32.x86_64_6.0.502.202205170638\os\win32\x86_64

VM Arguments:
jvm_args: -Dosgi.requiredJavaVersion=1.8 -Dosgi.instance.area.default=@user.home/STM32CubeIDE/workspace_1.12.0 -Declipse.buildId=Version 1.12.0 -DproductMaturityGrade=mm -XX:+UseG1GC -XX:+UseStringDeduplication -Xms256m -Xmx1024m -Djavax.net.ssl.trustStoreType=WINDOWS-ROOT 
java_command: <unknown>
java_class_path (initial): D:\STM32CubeIDE\STM32CubeIDE_1.9.0\STM32CubeIDE\\plugins/org.eclipse.equinox.launcher_1.6.400.v20210924-0641.jar
Launcher Type: generic

[Global flags]
     intx CICompilerCount                          = 4                                         {product} {ergonomic}
     uint ConcGCThreads                            = 2                                         {product} {ergonomic}
     uint G1ConcRefinementThreads                  = 8                                         {product} {ergonomic}
   size_t G1HeapRegionSize                         = 1048576                                   {product} {ergonomic}
    uintx GCDrainStackTargetSize                   = 64                                        {product} {ergonomic}
   size_t InitialHeapSize                          = 268435456                                 {product} {command line}
   size_t MarkStackSize                            = 4194304                                   {product} {ergonomic}
   size_t MaxHeapSize                              = 1073741824                                {product} {command line}
   size_t MaxNewSize                               = 643825664                                 {product} {ergonomic}
   size_t MinHeapDeltaBytes                        = 1048576                                   {product} {ergonomic}
    uintx NonNMethodCodeHeapSize                   = 5836300                                {pd product} {ergonomic}
    uintx NonProfiledCodeHeapSize                  = 122910970                              {pd product} {ergonomic}
    uintx ProfiledCodeHeapSize                     = 122910970                              {pd product} {ergonomic}
    uintx ReservedCodeCacheSize                    = 251658240                              {pd product} {ergonomic}
     bool SegmentedCodeCache                       = true                                      {product} {ergonomic}
     bool UseCompressedClassPointers               = true                                 {lp64_product} {ergonomic}
     bool UseCompressedOops                        = true                                 {lp64_product} {ergonomic}
     bool UseG1GC                                  = true                                      {product} {command line}
     bool UseLargePagesIndividualAllocation        = false                                  {pd product} {ergonomic}
     bool UseStringDeduplication                   = true                                      {product} {command line}

Logging:
Log output configuration:
 #0: stdout all=warning uptime,level,tags
 #1: stderr all=off uptime,level,tags

Environment Variables:
PATH=C:\Program Files\Common Files\Siemens\Automation\Simatic OAM\bin;C:\Program Files\Common Files\Oracle\Java\javapath;C:\Windows\system32;C:\Windows;C:\Windows\System32\Wbem;C:\Windows\System32\WindowsPowerShell\v1.0\;C:\Windows\System32\OpenSSH\;C:\Program Files\NVIDIA Corporation\NVIDIA NvDLISR;C:\WINDOWS\system32;C:\WINDOWS;C:\WINDOWS\System32\Wbem;C:\WINDOWS\System32\WindowsPowerShell\v1.0\;C:\WINDOWS\System32\OpenSSH\;C:\Program Files (x86)\NVIDIA Corporation\PhysX\Common;C:\Program Files (x86)\Microsoft SQL Server\Client SDK\ODBC\110\Tools\Binn\;C:\Program Files (x86)\Microsoft SQL Server\120\Tools\Binn\;C:\Program Files (x86)\Microsoft SQL Server\120\DTS\Binn\;C:\Program Files (x86)\Common Files\Siemens\;C:\Program Files (x86)\Common Files\Siemens\Interfaces;C:\Program Files (x86)\Common Files\Siemens\ACE\Interfaces;C:\MinGW\mingw32\bin;E:\MATLAB\runtime\win64;E:\MATLAB\bin;D:\Git\Git\cmd;D:\nRF\nrf-command-line-tool\bin\;D:\puTTY\;C:\Program Files (x86)\STMicroelectronics\STM32 ST-LINK Utility\ST-LINK Utility;C:\Users\DELL\AppData\Local\Microsoft\WindowsApps;C:\Users\DELL\AppData\Local\Programs\Microsoft VS Code\bin;C:\MinGW\bin;E:\LaTeX\texlive\2022\bin\win32
USERNAME=DELL
OS=Windows_NT
PROCESSOR_IDENTIFIER=Intel64 Family 6 Model 140 Stepping 1, GenuineIntel
TMP=C:\Users\DELL\AppData\Local\Temp
TEMP=C:\Users\DELL\AppData\Local\Temp



---------------  S Y S T E M  ---------------

OS: Windows 10 , 64 bit Build 19041 (10.0.19041.1889)
OS uptime: 3 days 21:48 hours

CPU:total 8 (initial active 8) (4 cores per cpu, 2 threads per core) family 6 model 140 stepping 1 microcode 0xa4, cmov, cx8, fxsr, mmx, sse, sse2, sse3, ssse3, sse4.1, sse4.2, popcnt, avx, avx2, aes, clmul, erms, 3dnowpref, lzcnt, ht, tsc, tscinvbit, bmi1, bmi2, adx, evex, sha, fma

Memory: 4k page, system-wide physical 7914M (594M free)
TotalPageFile size 12010M (AvailPageFile size 8M)
current process WorkingSet (physical memory assigned to process): 484M, peak: 484M
current process commit charge ("private bytes"): 574M, peak: 574M

vm_info: OpenJDK 64-Bit Server VM (11.0.17+8) for windows-amd64 JRE (11.0.17+8), built on Oct 19 2022 00:04:05 by "" with MS VC++ 15.9 (VS2017)

END.
